Build started 11/29/2025 4:45:45 AM.
Logging verbosity is set to: Normal.
Project "C:\Projects\xPort5.2025\xPort5.EF6\xPort5.EF6.csproj" on node 1 (Build target(s)).
EntityDeployNonEmbeddedResources:
Skipping target "EntityDeployNonEmbeddedResources" because it has no outputs.
EntityDeployEmbeddedResources:
Skipping target "EntityDeployEmbeddedResources" because all output files are up-to-date with respect to the input files.
Project "C:\Projects\xPort5.2025\xPort5.EF6\xPort5.EF6.csproj" (1) is building "C:\Projects\xPort5.2025\xPort5.Common\xPort5.Common.csproj" (2:2) on node 1 (default targets).
GenerateTargetFrameworkMonikerAttribute:
Skipping target "GenerateTargetFrameworkMonikerAttribute" because all output files are up-to-date with respect to the input files.
CoreCompile:
Skipping target "CoreCompile" because all output files are up-to-date with respect to the input files.
CopyFilesToOutputDirectory:
  xPort5.Common -> C:\Projects\xPort5.2025\xPort5.Common\bin\Debug\xPort5.Common.dll
Done Building Project "C:\Projects\xPort5.2025\xPort5.Common\xPort5.Common.csproj" (default targets).
GenerateTargetFrameworkMonikerAttribute:
Skipping target "GenerateTargetFrameworkMonikerAttribute" because all output files are up-to-date with respect to the input files.
CoreCompile:
  C:\Program Files\Microsoft Visual Studio\2022\Enterprise\MSBuild\Current\Bin\Roslyn\csc.exe /noconfig /nowarn:1701,1702 /fullpaths /nostdlib+ /errorreport:prompt /warn:4 /define:DEBUG;TRACE /highentropyva+ /reference:C:\Projects\xPort5.2025\packages\EntityFramework.6.4.0\lib\net45\EntityFramework.dll /reference:C:\Projects\xPort5.2025\packages\EntityFramework.6.4.0\lib\net45\EntityFramework.SqlServer.dll /reference:"C:\Program Files (x86)\Gizmox\Visual WebGUI\SDK 4.5.2\Assemblies\Gizmox.WebGUI.Common.dll" /reference:"C:\Program Files (x86)\Gizmox\Visual WebGUI\SDK 4.5.2\Assemblies\Gizmox.WebGUI.Forms.dll" /reference:"C:\Program Files (x86)\Reference Assemblies\Microsoft\Framework\.NETFramework\v4.5.2\Microsoft.CSharp.dll" /reference:"C:\Program Files (x86)\Reference Assemblies\Microsoft\Framework\.NETFramework\v4.5.2\mscorlib.dll" /reference:"C:\Program Files (x86)\Reference Assemblies\Microsoft\Framework\.NETFramework\v4.5.2\System.ComponentModel.DataAnnotations.dll" /reference:"C:\Program Files (x86)\Reference Assemblies\Microsoft\Framework\.NETFramework\v4.5.2\System.Core.dll" /reference:"C:\Program Files (x86)\Reference Assemblies\Microsoft\Framework\.NETFramework\v4.5.2\System.Data.DataSetExtensions.dll" /reference:"C:\Program Files (x86)\Reference Assemblies\Microsoft\Framework\.NETFramework\v4.5.2\System.Data.dll" /reference:"C:\Program Files (x86)\Reference Assemblies\Microsoft\Framework\.NETFramework\v4.5.2\System.dll" /reference:C:\Projects\xPort5.2025\packages\System.Linq.Dynamic.Core.1.7.0\lib\net452\System.Linq.Dynamic.Core.dll /reference:"C:\Program Files (x86)\Reference Assemblies\Microsoft\Framework\.NETFramework\v4.5.2\System.Net.Http.dll" /reference:"C:\Program Files (x86)\Reference Assemblies\Microsoft\Framework\.NETFramework\v4.5.2\System.Runtime.Serialization.dll" /reference:"C:\Program Files (x86)\Reference Assemblies\Microsoft\Framework\.NETFramework\v4.5.2\System.Security.dll" /reference:"C:\Program Files (x86)\Reference Assemblies\Microsoft\Framework\.NETFramework\v4.5.2\System.Web.dll" /reference:"C:\Program Files (x86)\Reference Assemblies\Microsoft\Framework\.NETFramework\v4.5.2\System.Xml.dll" /reference:"C:\Program Files (x86)\Reference Assemblies\Microsoft\Framework\.NETFramework\v4.5.2\System.Xml.Linq.dll" /reference:C:\Projects\xPort5.2025\xPort5.Common\bin\Debug\xPort5.Common.dll /debug+ /debug:full /filealign:512 /optimize- /out:obj\Debug\xPort5.EF6.dll /subsystemversion:6.00 /resource:obj\Debug\edmxResourcesToEmbed\xPort5Model.csdl,xPort5Model.csdl /resource:obj\Debug\edmxResourcesToEmbed\xPort5Model.msl,xPort5Model.msl /resource:obj\Debug\edmxResourcesToEmbed\xPort5Model.ssdl,xPort5Model.ssdl /target:library /utf8output /langversion:7.3 Article.cs ArticleCustomer.cs ArticleKeyPicture.cs ArticlePackage.cs ArticlePrice.cs ArticleSupplier.cs Customer.cs CustomerAddress.cs CustomerContact.cs OrderIN.cs OrderINCharges.cs OrderINItems.cs OrderINShipment.cs OrderPC.cs OrderPCItems.cs OrderPK.cs OrderPKItems.cs OrderPL.cs OrderPLItems.cs OrderQT.cs OrderQTCustShipping.cs OrderQTItems.cs OrderQTPackage.cs OrderQTSupplier.cs OrderQTSuppShipping.cs OrderSC.cs OrderSCItems.cs OrderSP.cs OrderSPItems.cs Properties\AssemblyInfo.cs Resources.cs Staff.cs StaffAddress.cs Supplier.cs SupplierAddress.cs SupplierContact.cs SystemInfo.cs T_AgeGrading.cs T_BarCode.cs T_Category.cs T_Charge.cs T_City.cs T_Class.cs T_Color.cs T_Country.cs T_Currency.cs T_Dept.cs T_Division.cs T_Group.cs T_Origin.cs T_Package.cs T_PaymentTerms.cs T_Port.cs T_Province.cs T_Region.cs T_Remarks.cs T_ShippingMark.cs T_UnitOfMeasures.cs UserDisplayPreference.cs UserProfile.cs xPort5Model.Context.cs xPort5Model.cs xPort5Model.Designer.cs X_AppPath.cs X_Counter.cs X_ErrorLog.cs X_EventLog.cs Z_Address.cs Z_Email.cs Z_JobTitle.cs Z_Phone.cs Z_Salutation.cs Article.Compatibility.cs ArticleCustomer.Compatibility.cs ArticleKeyPicture.Compatibility.cs ArticlePackage.Compatibility.cs ArticlePrice.Compatibility.cs ArticleSupplier.Compatibility.cs Customer.Compatibility.cs CustomerAddress.Compatibility.cs CustomerContact.Compatibility.cs OrderIN.Compatibility.cs OrderINCharges.Compatibility.cs OrderINItems.Compatibility.cs OrderINShipment.Compatibility.cs OrderPC.Compatibility.cs OrderPCItems.Compatibility.cs OrderPK.Compatibility.cs OrderPKItems.Compatibility.cs OrderPL.Compatibility.cs OrderPLItems.Compatibility.cs OrderQT.Compatibility.cs OrderQTCustShipping.Compatibility.cs OrderQTItems.Compatibility.cs OrderQTPackage.Compatibility.cs OrderQTSupplier.Compatibility.cs OrderQTSuppShipping.Compatibility.cs OrderSC.Compatibility.cs OrderSCItems.Compatibility.cs OrderSP.Compatibility.cs OrderSPItems.Compatibility.cs Resources.Compatibility.cs Staff.Compatibility.cs StaffAddress.Compatibility.cs Supplier.Compatibility.cs SupplierAddress.Compatibility.cs SupplierContact.Compatibility.cs SystemInfo.Compatibility.cs T_AgeGrading.Compatibility.cs T_BarCode.Compatibility.cs T_Category.Compatibility.cs T_Charge.Compatibility.cs T_City.Compatibility.cs T_Class.Compatibility.cs T_Color.Compatibility.cs T_Country.Compatibility.cs T_Currency.Compatibility.cs T_Dept.Compatibility.cs T_Division.Compatibility.cs T_Group.Compatibility.cs T_Origin.Compatibility.cs T_Package.Compatibility.cs T_PaymentTerms.Compatibility.cs T_Port.Compatibility.cs T_Province.Compatibility.cs T_Region.Compatibility.cs T_Remarks.Compatibility.cs T_ShippingMark.Compatibility.cs T_UnitOfMeasures.Compatibility.cs UserDisplayPreference.Compatibility.cs UserProfile.Compatibility.cs X_AppPath.Compatibility.cs X_Counter.Compatibility.cs X_ErrorLog.Compatibility.cs X_EventLog.Compatibility.cs Z_Address.Compatibility.cs Z_Email.Compatibility.cs Z_JobTitle.Compatibility.cs Z_Phone.Compatibility.cs Z_Salutation.Compatibility.cs Base\EntityBase.cs Base\EntityCollectionBase.cs "obj\Debug\.NETFramework,Version=v4.5.2.AssemblyAttributes.cs"
C:\Projects\xPort5.2025\xPort5.EF6\OrderINCharges.Compatibility.cs(28,50): error CS1061: 'OrderINCharges' does not contain a definition for 'OrderINChargesId' and no accessible extension method 'OrderINChargesId' accepting a first argument of type 'OrderINCharges' could be found (are you missing a using directive or an assembly reference?) [C:\Projects\xPort5.2025\xPort5.EF6\xPort5.EF6.csproj]
C:\Projects\xPort5.2025\xPort5.EF6\OrderINCharges.Compatibility.cs(41,50): error CS1061: 'OrderINCharges' does not contain a definition for 'OrderINChargesId' and no accessible extension method 'OrderINChargesId' accepting a first argument of type 'OrderINCharges' could be found (are you missing a using directive or an assembly reference?) [C:\Projects\xPort5.2025\xPort5.EF6\xPort5.EF6.csproj]
C:\Projects\xPort5.2025\xPort5.EF6\OrderINCharges.Compatibility.cs(103,30): error CS1061: 'OrderINCharges' does not contain a definition for 'OrderINChargesId' and no accessible extension method 'OrderINChargesId' accepting a first argument of type 'OrderINCharges' could be found (are you missing a using directive or an assembly reference?) [C:\Projects\xPort5.2025\xPort5.EF6\xPort5.EF6.csproj]
C:\Projects\xPort5.2025\xPort5.EF6\OrderINCharges.Compatibility.cs(105,30): error CS1061: 'OrderINCharges' does not contain a definition for 'OrderINChargesId' and no accessible extension method 'OrderINChargesId' accepting a first argument of type 'OrderINCharges' could be found (are you missing a using directive or an assembly reference?) [C:\Projects\xPort5.2025\xPort5.EF6\xPort5.EF6.csproj]
C:\Projects\xPort5.2025\xPort5.EF6\OrderINCharges.Compatibility.cs(108,41): error CS1061: 'OrderINCharges' does not contain a definition for 'OrderINChargesId' and no accessible extension method 'OrderINChargesId' accepting a first argument of type 'OrderINCharges' could be found (are you missing a using directive or an assembly reference?) [C:\Projects\xPort5.2025\xPort5.EF6\xPort5.EF6.csproj]
C:\Projects\xPort5.2025\xPort5.EF6\OrderINCharges.Compatibility.cs(112,46): error CS1061: 'OrderINCharges' does not contain a definition for 'OrderINChargesId' and no accessible extension method 'OrderINChargesId' accepting a first argument of type 'OrderINCharges' could be found (are you missing a using directive or an assembly reference?) [C:\Projects\xPort5.2025\xPort5.EF6\xPort5.EF6.csproj]
C:\Projects\xPort5.2025\xPort5.EF6\OrderINCharges.Compatibility.cs(116,45): error CS1061: 'OrderINCharges' does not contain a definition for 'OrderINChargesId' and no accessible extension method 'OrderINChargesId' accepting a first argument of type 'OrderINCharges' could be found (are you missing a using directive or an assembly reference?) [C:\Projects\xPort5.2025\xPort5.EF6\xPort5.EF6.csproj]
C:\Projects\xPort5.2025\xPort5.EF6\OrderINCharges.Compatibility.cs(129,25): error CS1061: 'OrderINCharges' does not contain a definition for 'OrderINChargesId' and no accessible extension method 'OrderINChargesId' accepting a first argument of type 'OrderINCharges' could be found (are you missing a using directive or an assembly reference?) [C:\Projects\xPort5.2025\xPort5.EF6\xPort5.EF6.csproj]
C:\Projects\xPort5.2025\xPort5.EF6\OrderINCharges.Compatibility.cs(187,71): error CS1061: 'OrderINCharges' does not contain a definition for 'OrderINChargesId' and no accessible extension method 'OrderINChargesId' accepting a first argument of type 'OrderINCharges' could be found (are you missing a using directive or an assembly reference?) [C:\Projects\xPort5.2025\xPort5.EF6\xPort5.EF6.csproj]
C:\Projects\xPort5.2025\xPort5.EF6\OrderINCharges.Compatibility.cs(187,60): error CS1503: Argument 1: cannot convert from 'string' to 'System.Guid' [C:\Projects\xPort5.2025\xPort5.EF6\xPort5.EF6.csproj]
C:\Projects\xPort5.2025\xPort5.EF6\Z_Salutation.Compatibility.cs(28,50): error CS1061: 'Z_Salutation' does not contain a definition for 'Z_SalutationId' and no accessible extension method 'Z_SalutationId' accepting a first argument of type 'Z_Salutation' could be found (are you missing a using directive or an assembly reference?) [C:\Projects\xPort5.2025\xPort5.EF6\xPort5.EF6.csproj]
C:\Projects\xPort5.2025\xPort5.EF6\OrderQTItems.Compatibility.cs(28,50): error CS1061: 'OrderQTItems' does not contain a definition for 'OrderQTItemsId' and no accessible extension method 'OrderQTItemsId' accepting a first argument of type 'OrderQTItems' could be found (are you missing a using directive or an assembly reference?) [C:\Projects\xPort5.2025\xPort5.EF6\xPort5.EF6.csproj]
C:\Projects\xPort5.2025\xPort5.EF6\OrderQTItems.Compatibility.cs(41,50): error CS1061: 'OrderQTItems' does not contain a definition for 'OrderQTItemsId' and no accessible extension method 'OrderQTItemsId' accepting a first argument of type 'OrderQTItems' could be found (are you missing a using directive or an assembly reference?) [C:\Projects\xPort5.2025\xPort5.EF6\xPort5.EF6.csproj]
C:\Projects\xPort5.2025\xPort5.EF6\OrderQTSupplier.Compatibility.cs(28,50): error CS1061: 'OrderQTSupplier' does not contain a definition for 'OrderQTSupplierId' and no accessible extension method 'OrderQTSupplierId' accepting a first argument of type 'OrderQTSupplier' could be found (are you missing a using directive or an assembly reference?) [C:\Projects\xPort5.2025\xPort5.EF6\xPort5.EF6.csproj]
C:\Projects\xPort5.2025\xPort5.EF6\OrderQTSupplier.Compatibility.cs(41,50): error CS1061: 'OrderQTSupplier' does not contain a definition for 'OrderQTSupplierId' and no accessible extension method 'OrderQTSupplierId' accepting a first argument of type 'OrderQTSupplier' could be found (are you missing a using directive or an assembly reference?) [C:\Projects\xPort5.2025\xPort5.EF6\xPort5.EF6.csproj]
C:\Projects\xPort5.2025\xPort5.EF6\OrderQTSupplier.Compatibility.cs(103,30): error CS1061: 'OrderQTSupplier' does not contain a definition for 'OrderQTSupplierId' and no accessible extension method 'OrderQTSupplierId' accepting a first argument of type 'OrderQTSupplier' could be found (are you missing a using directive or an assembly reference?) [C:\Projects\xPort5.2025\xPort5.EF6\xPort5.EF6.csproj]
C:\Projects\xPort5.2025\xPort5.EF6\OrderQTSupplier.Compatibility.cs(105,30): error CS1061: 'OrderQTSupplier' does not contain a definition for 'OrderQTSupplierId' and no accessible extension method 'OrderQTSupplierId' accepting a first argument of type 'OrderQTSupplier' could be found (are you missing a using directive or an assembly reference?) [C:\Projects\xPort5.2025\xPort5.EF6\xPort5.EF6.csproj]
C:\Projects\xPort5.2025\xPort5.EF6\OrderQTSupplier.Compatibility.cs(108,41): error CS1061: 'OrderQTSupplier' does not contain a definition for 'OrderQTSupplierId' and no accessible extension method 'OrderQTSupplierId' accepting a first argument of type 'OrderQTSupplier' could be found (are you missing a using directive or an assembly reference?) [C:\Projects\xPort5.2025\xPort5.EF6\xPort5.EF6.csproj]
C:\Projects\xPort5.2025\xPort5.EF6\OrderQTSupplier.Compatibility.cs(112,46): error CS1061: 'OrderQTSupplier' does not contain a definition for 'OrderQTSupplierId' and no accessible extension method 'OrderQTSupplierId' accepting a first argument of type 'OrderQTSupplier' could be found (are you missing a using directive or an assembly reference?) [C:\Projects\xPort5.2025\xPort5.EF6\xPort5.EF6.csproj]
C:\Projects\xPort5.2025\xPort5.EF6\OrderQTSupplier.Compatibility.cs(116,45): error CS1061: 'OrderQTSupplier' does not contain a definition for 'OrderQTSupplierId' and no accessible extension method 'OrderQTSupplierId' accepting a first argument of type 'OrderQTSupplier' could be found (are you missing a using directive or an assembly reference?) [C:\Projects\xPort5.2025\xPort5.EF6\xPort5.EF6.csproj]
C:\Projects\xPort5.2025\xPort5.EF6\OrderQTSupplier.Compatibility.cs(129,25): error CS1061: 'OrderQTSupplier' does not contain a definition for 'OrderQTSupplierId' and no accessible extension method 'OrderQTSupplierId' accepting a first argument of type 'OrderQTSupplier' could be found (are you missing a using directive or an assembly reference?) [C:\Projects\xPort5.2025\xPort5.EF6\xPort5.EF6.csproj]
C:\Projects\xPort5.2025\xPort5.EF6\OrderQTSupplier.Compatibility.cs(187,71): error CS1061: 'OrderQTSupplier' does not contain a definition for 'OrderQTSupplierId' and no accessible extension method 'OrderQTSupplierId' accepting a first argument of type 'OrderQTSupplier' could be found (are you missing a using directive or an assembly reference?) [C:\Projects\xPort5.2025\xPort5.EF6\xPort5.EF6.csproj]
C:\Projects\xPort5.2025\xPort5.EF6\OrderQTSupplier.Compatibility.cs(187,60): error CS1503: Argument 1: cannot convert from 'string' to 'System.Guid' [C:\Projects\xPort5.2025\xPort5.EF6\xPort5.EF6.csproj]
C:\Projects\xPort5.2025\xPort5.EF6\Z_Salutation.Compatibility.cs(41,50): error CS1061: 'Z_Salutation' does not contain a definition for 'Z_SalutationId' and no accessible extension method 'Z_SalutationId' accepting a first argument of type 'Z_Salutation' could be found (are you missing a using directive or an assembly reference?) [C:\Projects\xPort5.2025\xPort5.EF6\xPort5.EF6.csproj]
C:\Projects\xPort5.2025\xPort5.EF6\SystemInfo.Compatibility.cs(28,50): error CS1061: 'SystemInfo' does not contain a definition for 'SystemInfoId' and no accessible extension method 'SystemInfoId' accepting a first argument of type 'SystemInfo' could be found (are you missing a using directive or an assembly reference?) [C:\Projects\xPort5.2025\xPort5.EF6\xPort5.EF6.csproj]
C:\Projects\xPort5.2025\xPort5.EF6\SystemInfo.Compatibility.cs(41,50): error CS1061: 'SystemInfo' does not contain a definition for 'SystemInfoId' and no accessible extension method 'SystemInfoId' accepting a first argument of type 'SystemInfo' could be found (are you missing a using directive or an assembly reference?) [C:\Projects\xPort5.2025\xPort5.EF6\xPort5.EF6.csproj]
C:\Projects\xPort5.2025\xPort5.EF6\Z_Salutation.Compatibility.cs(103,30): error CS1061: 'Z_Salutation' does not contain a definition for 'Z_SalutationId' and no accessible extension method 'Z_SalutationId' accepting a first argument of type 'Z_Salutation' could be found (are you missing a using directive or an assembly reference?) [C:\Projects\xPort5.2025\xPort5.EF6\xPort5.EF6.csproj]
C:\Projects\xPort5.2025\xPort5.EF6\Z_Salutation.Compatibility.cs(105,30): error CS1061: 'Z_Salutation' does not contain a definition for 'Z_SalutationId' and no accessible extension method 'Z_SalutationId' accepting a first argument of type 'Z_Salutation' could be found (are you missing a using directive or an assembly reference?) [C:\Projects\xPort5.2025\xPort5.EF6\xPort5.EF6.csproj]
C:\Projects\xPort5.2025\xPort5.EF6\Z_Salutation.Compatibility.cs(108,41): error CS1061: 'Z_Salutation' does not contain a definition for 'Z_SalutationId' and no accessible extension method 'Z_SalutationId' accepting a first argument of type 'Z_Salutation' could be found (are you missing a using directive or an assembly reference?) [C:\Projects\xPort5.2025\xPort5.EF6\xPort5.EF6.csproj]
C:\Projects\xPort5.2025\xPort5.EF6\Z_Salutation.Compatibility.cs(112,46): error CS1061: 'Z_Salutation' does not contain a definition for 'Z_SalutationId' and no accessible extension method 'Z_SalutationId' accepting a first argument of type 'Z_Salutation' could be found (are you missing a using directive or an assembly reference?) [C:\Projects\xPort5.2025\xPort5.EF6\xPort5.EF6.csproj]
C:\Projects\xPort5.2025\xPort5.EF6\Z_Salutation.Compatibility.cs(116,45): error CS1061: 'Z_Salutation' does not contain a definition for 'Z_SalutationId' and no accessible extension method 'Z_SalutationId' accepting a first argument of type 'Z_Salutation' could be found (are you missing a using directive or an assembly reference?) [C:\Projects\xPort5.2025\xPort5.EF6\xPort5.EF6.csproj]
C:\Projects\xPort5.2025\xPort5.EF6\Z_Salutation.Compatibility.cs(129,25): error CS1061: 'Z_Salutation' does not contain a definition for 'Z_SalutationId' and no accessible extension method 'Z_SalutationId' accepting a first argument of type 'Z_Salutation' could be found (are you missing a using directive or an assembly reference?) [C:\Projects\xPort5.2025\xPort5.EF6\xPort5.EF6.csproj]
C:\Projects\xPort5.2025\xPort5.EF6\SystemInfo.Compatibility.cs(103,30): error CS1061: 'SystemInfo' does not contain a definition for 'SystemInfoId' and no accessible extension method 'SystemInfoId' accepting a first argument of type 'SystemInfo' could be found (are you missing a using directive or an assembly reference?) [C:\Projects\xPort5.2025\xPort5.EF6\xPort5.EF6.csproj]
C:\Projects\xPort5.2025\xPort5.EF6\SystemInfo.Compatibility.cs(105,30): error CS1061: 'SystemInfo' does not contain a definition for 'SystemInfoId' and no accessible extension method 'SystemInfoId' accepting a first argument of type 'SystemInfo' could be found (are you missing a using directive or an assembly reference?) [C:\Projects\xPort5.2025\xPort5.EF6\xPort5.EF6.csproj]
C:\Projects\xPort5.2025\xPort5.EF6\SystemInfo.Compatibility.cs(108,41): error CS1061: 'SystemInfo' does not contain a definition for 'SystemInfoId' and no accessible extension method 'SystemInfoId' accepting a first argument of type 'SystemInfo' could be found (are you missing a using directive or an assembly reference?) [C:\Projects\xPort5.2025\xPort5.EF6\xPort5.EF6.csproj]
C:\Projects\xPort5.2025\xPort5.EF6\SystemInfo.Compatibility.cs(112,46): error CS1061: 'SystemInfo' does not contain a definition for 'SystemInfoId' and no accessible extension method 'SystemInfoId' accepting a first argument of type 'SystemInfo' could be found (are you missing a using directive or an assembly reference?) [C:\Projects\xPort5.2025\xPort5.EF6\xPort5.EF6.csproj]
C:\Projects\xPort5.2025\xPort5.EF6\SystemInfo.Compatibility.cs(116,45): error CS1061: 'SystemInfo' does not contain a definition for 'SystemInfoId' and no accessible extension method 'SystemInfoId' accepting a first argument of type 'SystemInfo' could be found (are you missing a using directive or an assembly reference?) [C:\Projects\xPort5.2025\xPort5.EF6\xPort5.EF6.csproj]
C:\Projects\xPort5.2025\xPort5.EF6\SystemInfo.Compatibility.cs(129,25): error CS1061: 'SystemInfo' does not contain a definition for 'SystemInfoId' and no accessible extension method 'SystemInfoId' accepting a first argument of type 'SystemInfo' could be found (are you missing a using directive or an assembly reference?) [C:\Projects\xPort5.2025\xPort5.EF6\xPort5.EF6.csproj]
C:\Projects\xPort5.2025\xPort5.EF6\Z_Salutation.Compatibility.cs(187,71): error CS1061: 'Z_Salutation' does not contain a definition for 'Z_SalutationId' and no accessible extension method 'Z_SalutationId' accepting a first argument of type 'Z_Salutation' could be found (are you missing a using directive or an assembly reference?) [C:\Projects\xPort5.2025\xPort5.EF6\xPort5.EF6.csproj]
C:\Projects\xPort5.2025\xPort5.EF6\Z_Salutation.Compatibility.cs(187,60): error CS1503: Argument 1: cannot convert from 'string' to 'System.Guid' [C:\Projects\xPort5.2025\xPort5.EF6\xPort5.EF6.csproj]
C:\Projects\xPort5.2025\xPort5.EF6\SystemInfo.Compatibility.cs(187,71): error CS1061: 'SystemInfo' does not contain a definition for 'SystemInfoId' and no accessible extension method 'SystemInfoId' accepting a first argument of type 'SystemInfo' could be found (are you missing a using directive or an assembly reference?) [C:\Projects\xPort5.2025\xPort5.EF6\xPort5.EF6.csproj]
C:\Projects\xPort5.2025\xPort5.EF6\SystemInfo.Compatibility.cs(187,60): error CS1503: Argument 1: cannot convert from 'string' to 'System.Guid' [C:\Projects\xPort5.2025\xPort5.EF6\xPort5.EF6.csproj]
C:\Projects\xPort5.2025\xPort5.EF6\Z_Phone.Compatibility.cs(28,50): error CS1061: 'Z_Phone' does not contain a definition for 'Z_PhoneId' and no accessible extension method 'Z_PhoneId' accepting a first argument of type 'Z_Phone' could be found (are you missing a using directive or an assembly reference?) [C:\Projects\xPort5.2025\xPort5.EF6\xPort5.EF6.csproj]
C:\Projects\xPort5.2025\xPort5.EF6\Z_Phone.Compatibility.cs(41,50): error CS1061: 'Z_Phone' does not contain a definition for 'Z_PhoneId' and no accessible extension method 'Z_PhoneId' accepting a first argument of type 'Z_Phone' could be found (are you missing a using directive or an assembly reference?) [C:\Projects\xPort5.2025\xPort5.EF6\xPort5.EF6.csproj]
C:\Projects\xPort5.2025\xPort5.EF6\T_BarCode.Compatibility.cs(28,50): error CS1061: 'T_BarCode' does not contain a definition for 'BarCodeId' and no accessible extension method 'BarCodeId' accepting a first argument of type 'T_BarCode' could be found (are you missing a using directive or an assembly reference?) [C:\Projects\xPort5.2025\xPort5.EF6\xPort5.EF6.csproj]
C:\Projects\xPort5.2025\xPort5.EF6\T_BarCode.Compatibility.cs(41,50): error CS1061: 'T_BarCode' does not contain a definition for 'BarCodeId' and no accessible extension method 'BarCodeId' accepting a first argument of type 'T_BarCode' could be found (are you missing a using directive or an assembly reference?) [C:\Projects\xPort5.2025\xPort5.EF6\xPort5.EF6.csproj]
C:\Projects\xPort5.2025\xPort5.EF6\Z_Phone.Compatibility.cs(103,30): error CS1061: 'Z_Phone' does not contain a definition for 'Z_PhoneId' and no accessible extension method 'Z_PhoneId' accepting a first argument of type 'Z_Phone' could be found (are you missing a using directive or an assembly reference?) [C:\Projects\xPort5.2025\xPort5.EF6\xPort5.EF6.csproj]
C:\Projects\xPort5.2025\xPort5.EF6\Z_Phone.Compatibility.cs(105,30): error CS1061: 'Z_Phone' does not contain a definition for 'Z_PhoneId' and no accessible extension method 'Z_PhoneId' accepting a first argument of type 'Z_Phone' could be found (are you missing a using directive or an assembly reference?) [C:\Projects\xPort5.2025\xPort5.EF6\xPort5.EF6.csproj]
C:\Projects\xPort5.2025\xPort5.EF6\Z_Phone.Compatibility.cs(108,41): error CS1061: 'Z_Phone' does not contain a definition for 'Z_PhoneId' and no accessible extension method 'Z_PhoneId' accepting a first argument of type 'Z_Phone' could be found (are you missing a using directive or an assembly reference?) [C:\Projects\xPort5.2025\xPort5.EF6\xPort5.EF6.csproj]
C:\Projects\xPort5.2025\xPort5.EF6\Z_Phone.Compatibility.cs(112,46): error CS1061: 'Z_Phone' does not contain a definition for 'Z_PhoneId' and no accessible extension method 'Z_PhoneId' accepting a first argument of type 'Z_Phone' could be found (are you missing a using directive or an assembly reference?) [C:\Projects\xPort5.2025\xPort5.EF6\xPort5.EF6.csproj]
C:\Projects\xPort5.2025\xPort5.EF6\Z_Phone.Compatibility.cs(116,45): error CS1061: 'Z_Phone' does not contain a definition for 'Z_PhoneId' and no accessible extension method 'Z_PhoneId' accepting a first argument of type 'Z_Phone' could be found (are you missing a using directive or an assembly reference?) [C:\Projects\xPort5.2025\xPort5.EF6\xPort5.EF6.csproj]
C:\Projects\xPort5.2025\xPort5.EF6\Z_Phone.Compatibility.cs(129,25): error CS1061: 'Z_Phone' does not contain a definition for 'Z_PhoneId' and no accessible extension method 'Z_PhoneId' accepting a first argument of type 'Z_Phone' could be found (are you missing a using directive or an assembly reference?) [C:\Projects\xPort5.2025\xPort5.EF6\xPort5.EF6.csproj]
C:\Projects\xPort5.2025\xPort5.EF6\T_BarCode.Compatibility.cs(103,30): error CS1061: 'T_BarCode' does not contain a definition for 'BarCodeId' and no accessible extension method 'BarCodeId' accepting a first argument of type 'T_BarCode' could be found (are you missing a using directive or an assembly reference?) [C:\Projects\xPort5.2025\xPort5.EF6\xPort5.EF6.csproj]
C:\Projects\xPort5.2025\xPort5.EF6\T_BarCode.Compatibility.cs(105,30): error CS1061: 'T_BarCode' does not contain a definition for 'BarCodeId' and no accessible extension method 'BarCodeId' accepting a first argument of type 'T_BarCode' could be found (are you missing a using directive or an assembly reference?) [C:\Projects\xPort5.2025\xPort5.EF6\xPort5.EF6.csproj]
C:\Projects\xPort5.2025\xPort5.EF6\T_BarCode.Compatibility.cs(108,41): error CS1061: 'T_BarCode' does not contain a definition for 'BarCodeId' and no accessible extension method 'BarCodeId' accepting a first argument of type 'T_BarCode' could be found (are you missing a using directive or an assembly reference?) [C:\Projects\xPort5.2025\xPort5.EF6\xPort5.EF6.csproj]
C:\Projects\xPort5.2025\xPort5.EF6\T_BarCode.Compatibility.cs(112,46): error CS1061: 'T_BarCode' does not contain a definition for 'BarCodeId' and no accessible extension method 'BarCodeId' accepting a first argument of type 'T_BarCode' could be found (are you missing a using directive or an assembly reference?) [C:\Projects\xPort5.2025\xPort5.EF6\xPort5.EF6.csproj]
C:\Projects\xPort5.2025\xPort5.EF6\T_BarCode.Compatibility.cs(116,45): error CS1061: 'T_BarCode' does not contain a definition for 'BarCodeId' and no accessible extension method 'BarCodeId' accepting a first argument of type 'T_BarCode' could be found (are you missing a using directive or an assembly reference?) [C:\Projects\xPort5.2025\xPort5.EF6\xPort5.EF6.csproj]
C:\Projects\xPort5.2025\xPort5.EF6\T_BarCode.Compatibility.cs(129,25): error CS1061: 'T_BarCode' does not contain a definition for 'BarCodeId' and no accessible extension method 'BarCodeId' accepting a first argument of type 'T_BarCode' could be found (are you missing a using directive or an assembly reference?) [C:\Projects\xPort5.2025\xPort5.EF6\xPort5.EF6.csproj]
C:\Projects\xPort5.2025\xPort5.EF6\Z_Phone.Compatibility.cs(187,71): error CS1061: 'Z_Phone' does not contain a definition for 'Z_PhoneId' and no accessible extension method 'Z_PhoneId' accepting a first argument of type 'Z_Phone' could be found (are you missing a using directive or an assembly reference?) [C:\Projects\xPort5.2025\xPort5.EF6\xPort5.EF6.csproj]
C:\Projects\xPort5.2025\xPort5.EF6\Z_Phone.Compatibility.cs(187,60): error CS1503: Argument 1: cannot convert from 'string' to 'System.Guid' [C:\Projects\xPort5.2025\xPort5.EF6\xPort5.EF6.csproj]
C:\Projects\xPort5.2025\xPort5.EF6\OrderQTItems.Compatibility.cs(103,30): error CS1061: 'OrderQTItems' does not contain a definition for 'OrderQTItemsId' and no accessible extension method 'OrderQTItemsId' accepting a first argument of type 'OrderQTItems' could be found (are you missing a using directive or an assembly reference?) [C:\Projects\xPort5.2025\xPort5.EF6\xPort5.EF6.csproj]
C:\Projects\xPort5.2025\xPort5.EF6\OrderQTItems.Compatibility.cs(105,30): error CS1061: 'OrderQTItems' does not contain a definition for 'OrderQTItemsId' and no accessible extension method 'OrderQTItemsId' accepting a first argument of type 'OrderQTItems' could be found (are you missing a using directive or an assembly reference?) [C:\Projects\xPort5.2025\xPort5.EF6\xPort5.EF6.csproj]
C:\Projects\xPort5.2025\xPort5.EF6\OrderQTItems.Compatibility.cs(108,41): error CS1061: 'OrderQTItems' does not contain a definition for 'OrderQTItemsId' and no accessible extension method 'OrderQTItemsId' accepting a first argument of type 'OrderQTItems' could be found (are you missing a using directive or an assembly reference?) [C:\Projects\xPort5.2025\xPort5.EF6\xPort5.EF6.csproj]
C:\Projects\xPort5.2025\xPort5.EF6\OrderQTItems.Compatibility.cs(112,46): error CS1061: 'OrderQTItems' does not contain a definition for 'OrderQTItemsId' and no accessible extension method 'OrderQTItemsId' accepting a first argument of type 'OrderQTItems' could be found (are you missing a using directive or an assembly reference?) [C:\Projects\xPort5.2025\xPort5.EF6\xPort5.EF6.csproj]
C:\Projects\xPort5.2025\xPort5.EF6\OrderQTItems.Compatibility.cs(116,45): error CS1061: 'OrderQTItems' does not contain a definition for 'OrderQTItemsId' and no accessible extension method 'OrderQTItemsId' accepting a first argument of type 'OrderQTItems' could be found (are you missing a using directive or an assembly reference?) [C:\Projects\xPort5.2025\xPort5.EF6\xPort5.EF6.csproj]
C:\Projects\xPort5.2025\xPort5.EF6\OrderQTItems.Compatibility.cs(129,25): error CS1061: 'OrderQTItems' does not contain a definition for 'OrderQTItemsId' and no accessible extension method 'OrderQTItemsId' accepting a first argument of type 'OrderQTItems' could be found (are you missing a using directive or an assembly reference?) [C:\Projects\xPort5.2025\xPort5.EF6\xPort5.EF6.csproj]
C:\Projects\xPort5.2025\xPort5.EF6\T_BarCode.Compatibility.cs(187,71): error CS1061: 'T_BarCode' does not contain a definition for 'BarCodeId' and no accessible extension method 'BarCodeId' accepting a first argument of type 'T_BarCode' could be found (are you missing a using directive or an assembly reference?) [C:\Projects\xPort5.2025\xPort5.EF6\xPort5.EF6.csproj]
C:\Projects\xPort5.2025\xPort5.EF6\T_BarCode.Compatibility.cs(187,60): error CS1503: Argument 1: cannot convert from 'string' to 'System.Guid' [C:\Projects\xPort5.2025\xPort5.EF6\xPort5.EF6.csproj]
C:\Projects\xPort5.2025\xPort5.EF6\OrderQTItems.Compatibility.cs(187,71): error CS1061: 'OrderQTItems' does not contain a definition for 'OrderQTItemsId' and no accessible extension method 'OrderQTItemsId' accepting a first argument of type 'OrderQTItems' could be found (are you missing a using directive or an assembly reference?) [C:\Projects\xPort5.2025\xPort5.EF6\xPort5.EF6.csproj]
C:\Projects\xPort5.2025\xPort5.EF6\OrderQTItems.Compatibility.cs(187,60): error CS1503: Argument 1: cannot convert from 'string' to 'System.Guid' [C:\Projects\xPort5.2025\xPort5.EF6\xPort5.EF6.csproj]
C:\Projects\xPort5.2025\xPort5.EF6\Z_JobTitle.Compatibility.cs(28,50): error CS1061: 'Z_JobTitle' does not contain a definition for 'Z_JobTitleId' and no accessible extension method 'Z_JobTitleId' accepting a first argument of type 'Z_JobTitle' could be found (are you missing a using directive or an assembly reference?) [C:\Projects\xPort5.2025\xPort5.EF6\xPort5.EF6.csproj]
C:\Projects\xPort5.2025\xPort5.EF6\Z_JobTitle.Compatibility.cs(41,50): error CS1061: 'Z_JobTitle' does not contain a definition for 'Z_JobTitleId' and no accessible extension method 'Z_JobTitleId' accepting a first argument of type 'Z_JobTitle' could be found (are you missing a using directive or an assembly reference?) [C:\Projects\xPort5.2025\xPort5.EF6\xPort5.EF6.csproj]
C:\Projects\xPort5.2025\xPort5.EF6\Z_JobTitle.Compatibility.cs(103,30): error CS1061: 'Z_JobTitle' does not contain a definition for 'Z_JobTitleId' and no accessible extension method 'Z_JobTitleId' accepting a first argument of type 'Z_JobTitle' could be found (are you missing a using directive or an assembly reference?) [C:\Projects\xPort5.2025\xPort5.EF6\xPort5.EF6.csproj]
C:\Projects\xPort5.2025\xPort5.EF6\Z_JobTitle.Compatibility.cs(105,30): error CS1061: 'Z_JobTitle' does not contain a definition for 'Z_JobTitleId' and no accessible extension method 'Z_JobTitleId' accepting a first argument of type 'Z_JobTitle' could be found (are you missing a using directive or an assembly reference?) [C:\Projects\xPort5.2025\xPort5.EF6\xPort5.EF6.csproj]
C:\Projects\xPort5.2025\xPort5.EF6\Z_JobTitle.Compatibility.cs(108,41): error CS1061: 'Z_JobTitle' does not contain a definition for 'Z_JobTitleId' and no accessible extension method 'Z_JobTitleId' accepting a first argument of type 'Z_JobTitle' could be found (are you missing a using directive or an assembly reference?) [C:\Projects\xPort5.2025\xPort5.EF6\xPort5.EF6.csproj]
C:\Projects\xPort5.2025\xPort5.EF6\Z_JobTitle.Compatibility.cs(112,46): error CS1061: 'Z_JobTitle' does not contain a definition for 'Z_JobTitleId' and no accessible extension method 'Z_JobTitleId' accepting a first argument of type 'Z_JobTitle' could be found (are you missing a using directive or an assembly reference?) [C:\Projects\xPort5.2025\xPort5.EF6\xPort5.EF6.csproj]
C:\Projects\xPort5.2025\xPort5.EF6\Z_JobTitle.Compatibility.cs(116,45): error CS1061: 'Z_JobTitle' does not contain a definition for 'Z_JobTitleId' and no accessible extension method 'Z_JobTitleId' accepting a first argument of type 'Z_JobTitle' could be found (are you missing a using directive or an assembly reference?) [C:\Projects\xPort5.2025\xPort5.EF6\xPort5.EF6.csproj]
C:\Projects\xPort5.2025\xPort5.EF6\Z_JobTitle.Compatibility.cs(129,25): error CS1061: 'Z_JobTitle' does not contain a definition for 'Z_JobTitleId' and no accessible extension method 'Z_JobTitleId' accepting a first argument of type 'Z_JobTitle' could be found (are you missing a using directive or an assembly reference?) [C:\Projects\xPort5.2025\xPort5.EF6\xPort5.EF6.csproj]
C:\Projects\xPort5.2025\xPort5.EF6\Z_JobTitle.Compatibility.cs(187,71): error CS1061: 'Z_JobTitle' does not contain a definition for 'Z_JobTitleId' and no accessible extension method 'Z_JobTitleId' accepting a first argument of type 'Z_JobTitle' could be found (are you missing a using directive or an assembly reference?) [C:\Projects\xPort5.2025\xPort5.EF6\xPort5.EF6.csproj]
C:\Projects\xPort5.2025\xPort5.EF6\Z_JobTitle.Compatibility.cs(187,60): error CS1503: Argument 1: cannot convert from 'string' to 'System.Guid' [C:\Projects\xPort5.2025\xPort5.EF6\xPort5.EF6.csproj]
C:\Projects\xPort5.2025\xPort5.EF6\Z_Email.Compatibility.cs(28,50): error CS1061: 'Z_Email' does not contain a definition for 'Z_EmailId' and no accessible extension method 'Z_EmailId' accepting a first argument of type 'Z_Email' could be found (are you missing a using directive or an assembly reference?) [C:\Projects\xPort5.2025\xPort5.EF6\xPort5.EF6.csproj]
C:\Projects\xPort5.2025\xPort5.EF6\Z_Email.Compatibility.cs(41,50): error CS1061: 'Z_Email' does not contain a definition for 'Z_EmailId' and no accessible extension method 'Z_EmailId' accepting a first argument of type 'Z_Email' could be found (are you missing a using directive or an assembly reference?) [C:\Projects\xPort5.2025\xPort5.EF6\xPort5.EF6.csproj]
C:\Projects\xPort5.2025\xPort5.EF6\T_PaymentTerms.Compatibility.cs(28,50): error CS1061: 'T_PaymentTerms' does not contain a definition for 'PaymentTermsId' and no accessible extension method 'PaymentTermsId' accepting a first argument of type 'T_PaymentTerms' could be found (are you missing a using directive or an assembly reference?) [C:\Projects\xPort5.2025\xPort5.EF6\xPort5.EF6.csproj]
C:\Projects\xPort5.2025\xPort5.EF6\T_PaymentTerms.Compatibility.cs(41,50): error CS1061: 'T_PaymentTerms' does not contain a definition for 'PaymentTermsId' and no accessible extension method 'PaymentTermsId' accepting a first argument of type 'T_PaymentTerms' could be found (are you missing a using directive or an assembly reference?) [C:\Projects\xPort5.2025\xPort5.EF6\xPort5.EF6.csproj]
C:\Projects\xPort5.2025\xPort5.EF6\T_PaymentTerms.Compatibility.cs(103,30): error CS1061: 'T_PaymentTerms' does not contain a definition for 'PaymentTermsId' and no accessible extension method 'PaymentTermsId' accepting a first argument of type 'T_PaymentTerms' could be found (are you missing a using directive or an assembly reference?) [C:\Projects\xPort5.2025\xPort5.EF6\xPort5.EF6.csproj]
C:\Projects\xPort5.2025\xPort5.EF6\T_PaymentTerms.Compatibility.cs(105,30): error CS1061: 'T_PaymentTerms' does not contain a definition for 'PaymentTermsId' and no accessible extension method 'PaymentTermsId' accepting a first argument of type 'T_PaymentTerms' could be found (are you missing a using directive or an assembly reference?) [C:\Projects\xPort5.2025\xPort5.EF6\xPort5.EF6.csproj]
C:\Projects\xPort5.2025\xPort5.EF6\T_PaymentTerms.Compatibility.cs(108,41): error CS1061: 'T_PaymentTerms' does not contain a definition for 'PaymentTermsId' and no accessible extension method 'PaymentTermsId' accepting a first argument of type 'T_PaymentTerms' could be found (are you missing a using directive or an assembly reference?) [C:\Projects\xPort5.2025\xPort5.EF6\xPort5.EF6.csproj]
C:\Projects\xPort5.2025\xPort5.EF6\T_PaymentTerms.Compatibility.cs(112,46): error CS1061: 'T_PaymentTerms' does not contain a definition for 'PaymentTermsId' and no accessible extension method 'PaymentTermsId' accepting a first argument of type 'T_PaymentTerms' could be found (are you missing a using directive or an assembly reference?) [C:\Projects\xPort5.2025\xPort5.EF6\xPort5.EF6.csproj]
C:\Projects\xPort5.2025\xPort5.EF6\T_PaymentTerms.Compatibility.cs(116,45): error CS1061: 'T_PaymentTerms' does not contain a definition for 'PaymentTermsId' and no accessible extension method 'PaymentTermsId' accepting a first argument of type 'T_PaymentTerms' could be found (are you missing a using directive or an assembly reference?) [C:\Projects\xPort5.2025\xPort5.EF6\xPort5.EF6.csproj]
C:\Projects\xPort5.2025\xPort5.EF6\Z_Email.Compatibility.cs(103,30): error CS1061: 'Z_Email' does not contain a definition for 'Z_EmailId' and no accessible extension method 'Z_EmailId' accepting a first argument of type 'Z_Email' could be found (are you missing a using directive or an assembly reference?) [C:\Projects\xPort5.2025\xPort5.EF6\xPort5.EF6.csproj]
C:\Projects\xPort5.2025\xPort5.EF6\Z_Email.Compatibility.cs(105,30): error CS1061: 'Z_Email' does not contain a definition for 'Z_EmailId' and no accessible extension method 'Z_EmailId' accepting a first argument of type 'Z_Email' could be found (are you missing a using directive or an assembly reference?) [C:\Projects\xPort5.2025\xPort5.EF6\xPort5.EF6.csproj]
C:\Projects\xPort5.2025\xPort5.EF6\Z_Email.Compatibility.cs(108,41): error CS1061: 'Z_Email' does not contain a definition for 'Z_EmailId' and no accessible extension method 'Z_EmailId' accepting a first argument of type 'Z_Email' could be found (are you missing a using directive or an assembly reference?) [C:\Projects\xPort5.2025\xPort5.EF6\xPort5.EF6.csproj]
C:\Projects\xPort5.2025\xPort5.EF6\Z_Email.Compatibility.cs(112,46): error CS1061: 'Z_Email' does not contain a definition for 'Z_EmailId' and no accessible extension method 'Z_EmailId' accepting a first argument of type 'Z_Email' could be found (are you missing a using directive or an assembly reference?) [C:\Projects\xPort5.2025\xPort5.EF6\xPort5.EF6.csproj]
C:\Projects\xPort5.2025\xPort5.EF6\Z_Email.Compatibility.cs(116,45): error CS1061: 'Z_Email' does not contain a definition for 'Z_EmailId' and no accessible extension method 'Z_EmailId' accepting a first argument of type 'Z_Email' could be found (are you missing a using directive or an assembly reference?) [C:\Projects\xPort5.2025\xPort5.EF6\xPort5.EF6.csproj]
C:\Projects\xPort5.2025\xPort5.EF6\T_PaymentTerms.Compatibility.cs(129,25): error CS1061: 'T_PaymentTerms' does not contain a definition for 'PaymentTermsId' and no accessible extension method 'PaymentTermsId' accepting a first argument of type 'T_PaymentTerms' could be found (are you missing a using directive or an assembly reference?) [C:\Projects\xPort5.2025\xPort5.EF6\xPort5.EF6.csproj]
C:\Projects\xPort5.2025\xPort5.EF6\Z_Email.Compatibility.cs(129,25): error CS1061: 'Z_Email' does not contain a definition for 'Z_EmailId' and no accessible extension method 'Z_EmailId' accepting a first argument of type 'Z_Email' could be found (are you missing a using directive or an assembly reference?) [C:\Projects\xPort5.2025\xPort5.EF6\xPort5.EF6.csproj]
C:\Projects\xPort5.2025\xPort5.EF6\T_PaymentTerms.Compatibility.cs(187,71): error CS1061: 'T_PaymentTerms' does not contain a definition for 'PaymentTermsId' and no accessible extension method 'PaymentTermsId' accepting a first argument of type 'T_PaymentTerms' could be found (are you missing a using directive or an assembly reference?) [C:\Projects\xPort5.2025\xPort5.EF6\xPort5.EF6.csproj]
C:\Projects\xPort5.2025\xPort5.EF6\T_PaymentTerms.Compatibility.cs(187,60): error CS1503: Argument 1: cannot convert from 'string' to 'System.Guid' [C:\Projects\xPort5.2025\xPort5.EF6\xPort5.EF6.csproj]
C:\Projects\xPort5.2025\xPort5.EF6\T_Remarks.Compatibility.cs(28,50): error CS1061: 'T_Remarks' does not contain a definition for 'RemarksId' and no accessible extension method 'RemarksId' accepting a first argument of type 'T_Remarks' could be found (are you missing a using directive or an assembly reference?) [C:\Projects\xPort5.2025\xPort5.EF6\xPort5.EF6.csproj]
C:\Projects\xPort5.2025\xPort5.EF6\Z_Email.Compatibility.cs(187,71): error CS1061: 'Z_Email' does not contain a definition for 'Z_EmailId' and no accessible extension method 'Z_EmailId' accepting a first argument of type 'Z_Email' could be found (are you missing a using directive or an assembly reference?) [C:\Projects\xPort5.2025\xPort5.EF6\xPort5.EF6.csproj]
C:\Projects\xPort5.2025\xPort5.EF6\Z_Email.Compatibility.cs(187,60): error CS1503: Argument 1: cannot convert from 'string' to 'System.Guid' [C:\Projects\xPort5.2025\xPort5.EF6\xPort5.EF6.csproj]
C:\Projects\xPort5.2025\xPort5.EF6\T_Remarks.Compatibility.cs(41,50): error CS1061: 'T_Remarks' does not contain a definition for 'RemarksId' and no accessible extension method 'RemarksId' accepting a first argument of type 'T_Remarks' could be found (are you missing a using directive or an assembly reference?) [C:\Projects\xPort5.2025\xPort5.EF6\xPort5.EF6.csproj]
C:\Projects\xPort5.2025\xPort5.EF6\T_UnitOfMeasures.Compatibility.cs(28,50): error CS1061: 'T_UnitOfMeasures' does not contain a definition for 'UnitOfMeasuresId' and no accessible extension method 'UnitOfMeasuresId' accepting a first argument of type 'T_UnitOfMeasures' could be found (are you missing a using directive or an assembly reference?) [C:\Projects\xPort5.2025\xPort5.EF6\xPort5.EF6.csproj]
C:\Projects\xPort5.2025\xPort5.EF6\T_UnitOfMeasures.Compatibility.cs(41,50): error CS1061: 'T_UnitOfMeasures' does not contain a definition for 'UnitOfMeasuresId' and no accessible extension method 'UnitOfMeasuresId' accepting a first argument of type 'T_UnitOfMeasures' could be found (are you missing a using directive or an assembly reference?) [C:\Projects\xPort5.2025\xPort5.EF6\xPort5.EF6.csproj]
C:\Projects\xPort5.2025\xPort5.EF6\UserProfile.Compatibility.cs(28,50): error CS1061: 'UserProfile' does not contain a definition for 'UserProfileId' and no accessible extension method 'UserProfileId' accepting a first argument of type 'UserProfile' could be found (are you missing a using directive or an assembly reference?) [C:\Projects\xPort5.2025\xPort5.EF6\xPort5.EF6.csproj]
C:\Projects\xPort5.2025\xPort5.EF6\UserDisplayPreference.Compatibility.cs(28,50): error CS1061: 'UserDisplayPreference' does not contain a definition for 'UserDisplayPreferenceId' and no accessible extension method 'UserDisplayPreferenceId' accepting a first argument of type 'UserDisplayPreference' could be found (are you missing a using directive or an assembly reference?) [C:\Projects\xPort5.2025\xPort5.EF6\xPort5.EF6.csproj]
C:\Projects\xPort5.2025\xPort5.EF6\UserProfile.Compatibility.cs(41,50): error CS1061: 'UserProfile' does not contain a definition for 'UserProfileId' and no accessible extension method 'UserProfileId' accepting a first argument of type 'UserProfile' could be found (are you missing a using directive or an assembly reference?) [C:\Projects\xPort5.2025\xPort5.EF6\xPort5.EF6.csproj]
C:\Projects\xPort5.2025\xPort5.EF6\T_Remarks.Compatibility.cs(103,30): error CS1061: 'T_Remarks' does not contain a definition for 'RemarksId' and no accessible extension method 'RemarksId' accepting a first argument of type 'T_Remarks' could be found (are you missing a using directive or an assembly reference?) [C:\Projects\xPort5.2025\xPort5.EF6\xPort5.EF6.csproj]
C:\Projects\xPort5.2025\xPort5.EF6\T_Remarks.Compatibility.cs(105,30): error CS1061: 'T_Remarks' does not contain a definition for 'RemarksId' and no accessible extension method 'RemarksId' accepting a first argument of type 'T_Remarks' could be found (are you missing a using directive or an assembly reference?) [C:\Projects\xPort5.2025\xPort5.EF6\xPort5.EF6.csproj]
C:\Projects\xPort5.2025\xPort5.EF6\T_Remarks.Compatibility.cs(108,41): error CS1061: 'T_Remarks' does not contain a definition for 'RemarksId' and no accessible extension method 'RemarksId' accepting a first argument of type 'T_Remarks' could be found (are you missing a using directive or an assembly reference?) [C:\Projects\xPort5.2025\xPort5.EF6\xPort5.EF6.csproj]
C:\Projects\xPort5.2025\xPort5.EF6\T_Remarks.Compatibility.cs(112,46): error CS1061: 'T_Remarks' does not contain a definition for 'RemarksId' and no accessible extension method 'RemarksId' accepting a first argument of type 'T_Remarks' could be found (are you missing a using directive or an assembly reference?) [C:\Projects\xPort5.2025\xPort5.EF6\xPort5.EF6.csproj]
C:\Projects\xPort5.2025\xPort5.EF6\T_Remarks.Compatibility.cs(116,45): error CS1061: 'T_Remarks' does not contain a definition for 'RemarksId' and no accessible extension method 'RemarksId' accepting a first argument of type 'T_Remarks' could be found (are you missing a using directive or an assembly reference?) [C:\Projects\xPort5.2025\xPort5.EF6\xPort5.EF6.csproj]
C:\Projects\xPort5.2025\xPort5.EF6\T_Remarks.Compatibility.cs(129,25): error CS1061: 'T_Remarks' does not contain a definition for 'RemarksId' and no accessible extension method 'RemarksId' accepting a first argument of type 'T_Remarks' could be found (are you missing a using directive or an assembly reference?) [C:\Projects\xPort5.2025\xPort5.EF6\xPort5.EF6.csproj]
C:\Projects\xPort5.2025\xPort5.EF6\UserDisplayPreference.Compatibility.cs(41,50): error CS1061: 'UserDisplayPreference' does not contain a definition for 'UserDisplayPreferenceId' and no accessible extension method 'UserDisplayPreferenceId' accepting a first argument of type 'UserDisplayPreference' could be found (are you missing a using directive or an assembly reference?) [C:\Projects\xPort5.2025\xPort5.EF6\xPort5.EF6.csproj]
C:\Projects\xPort5.2025\xPort5.EF6\T_UnitOfMeasures.Compatibility.cs(103,30): error CS1061: 'T_UnitOfMeasures' does not contain a definition for 'UnitOfMeasuresId' and no accessible extension method 'UnitOfMeasuresId' accepting a first argument of type 'T_UnitOfMeasures' could be found (are you missing a using directive or an assembly reference?) [C:\Projects\xPort5.2025\xPort5.EF6\xPort5.EF6.csproj]
C:\Projects\xPort5.2025\xPort5.EF6\T_UnitOfMeasures.Compatibility.cs(105,30): error CS1061: 'T_UnitOfMeasures' does not contain a definition for 'UnitOfMeasuresId' and no accessible extension method 'UnitOfMeasuresId' accepting a first argument of type 'T_UnitOfMeasures' could be found (are you missing a using directive or an assembly reference?) [C:\Projects\xPort5.2025\xPort5.EF6\xPort5.EF6.csproj]
C:\Projects\xPort5.2025\xPort5.EF6\T_UnitOfMeasures.Compatibility.cs(108,41): error CS1061: 'T_UnitOfMeasures' does not contain a definition for 'UnitOfMeasuresId' and no accessible extension method 'UnitOfMeasuresId' accepting a first argument of type 'T_UnitOfMeasures' could be found (are you missing a using directive or an assembly reference?) [C:\Projects\xPort5.2025\xPort5.EF6\xPort5.EF6.csproj]
C:\Projects\xPort5.2025\xPort5.EF6\T_UnitOfMeasures.Compatibility.cs(112,46): error CS1061: 'T_UnitOfMeasures' does not contain a definition for 'UnitOfMeasuresId' and no accessible extension method 'UnitOfMeasuresId' accepting a first argument of type 'T_UnitOfMeasures' could be found (are you missing a using directive or an assembly reference?) [C:\Projects\xPort5.2025\xPort5.EF6\xPort5.EF6.csproj]
C:\Projects\xPort5.2025\xPort5.EF6\T_UnitOfMeasures.Compatibility.cs(116,45): error CS1061: 'T_UnitOfMeasures' does not contain a definition for 'UnitOfMeasuresId' and no accessible extension method 'UnitOfMeasuresId' accepting a first argument of type 'T_UnitOfMeasures' could be found (are you missing a using directive or an assembly reference?) [C:\Projects\xPort5.2025\xPort5.EF6\xPort5.EF6.csproj]
C:\Projects\xPort5.2025\xPort5.EF6\T_UnitOfMeasures.Compatibility.cs(129,25): error CS1061: 'T_UnitOfMeasures' does not contain a definition for 'UnitOfMeasuresId' and no accessible extension method 'UnitOfMeasuresId' accepting a first argument of type 'T_UnitOfMeasures' could be found (are you missing a using directive or an assembly reference?) [C:\Projects\xPort5.2025\xPort5.EF6\xPort5.EF6.csproj]
C:\Projects\xPort5.2025\xPort5.EF6\T_Remarks.Compatibility.cs(187,71): error CS1061: 'T_Remarks' does not contain a definition for 'RemarksId' and no accessible extension method 'RemarksId' accepting a first argument of type 'T_Remarks' could be found (are you missing a using directive or an assembly reference?) [C:\Projects\xPort5.2025\xPort5.EF6\xPort5.EF6.csproj]
C:\Projects\xPort5.2025\xPort5.EF6\T_Remarks.Compatibility.cs(187,60): error CS1503: Argument 1: cannot convert from 'string' to 'System.Guid' [C:\Projects\xPort5.2025\xPort5.EF6\xPort5.EF6.csproj]
C:\Projects\xPort5.2025\xPort5.EF6\X_AppPath.Compatibility.cs(28,50): error CS1061: 'X_AppPath' does not contain a definition for 'X_AppPathId' and no accessible extension method 'X_AppPathId' accepting a first argument of type 'X_AppPath' could be found (are you missing a using directive or an assembly reference?) [C:\Projects\xPort5.2025\xPort5.EF6\xPort5.EF6.csproj]
C:\Projects\xPort5.2025\xPort5.EF6\T_UnitOfMeasures.Compatibility.cs(187,71): error CS1061: 'T_UnitOfMeasures' does not contain a definition for 'UnitOfMeasuresId' and no accessible extension method 'UnitOfMeasuresId' accepting a first argument of type 'T_UnitOfMeasures' could be found (are you missing a using directive or an assembly reference?) [C:\Projects\xPort5.2025\xPort5.EF6\xPort5.EF6.csproj]
C:\Projects\xPort5.2025\xPort5.EF6\T_UnitOfMeasures.Compatibility.cs(187,60): error CS1503: Argument 1: cannot convert from 'string' to 'System.Guid' [C:\Projects\xPort5.2025\xPort5.EF6\xPort5.EF6.csproj]
C:\Projects\xPort5.2025\xPort5.EF6\Z_Address.Compatibility.cs(28,50): error CS1061: 'Z_Address' does not contain a definition for 'Z_AddressId' and no accessible extension method 'Z_AddressId' accepting a first argument of type 'Z_Address' could be found (are you missing a using directive or an assembly reference?) [C:\Projects\xPort5.2025\xPort5.EF6\xPort5.EF6.csproj]
C:\Projects\xPort5.2025\xPort5.EF6\UserProfile.Compatibility.cs(103,30): error CS1061: 'UserProfile' does not contain a definition for 'UserProfileId' and no accessible extension method 'UserProfileId' accepting a first argument of type 'UserProfile' could be found (are you missing a using directive or an assembly reference?) [C:\Projects\xPort5.2025\xPort5.EF6\xPort5.EF6.csproj]
C:\Projects\xPort5.2025\xPort5.EF6\UserProfile.Compatibility.cs(105,30): error CS1061: 'UserProfile' does not contain a definition for 'UserProfileId' and no accessible extension method 'UserProfileId' accepting a first argument of type 'UserProfile' could be found (are you missing a using directive or an assembly reference?) [C:\Projects\xPort5.2025\xPort5.EF6\xPort5.EF6.csproj]
C:\Projects\xPort5.2025\xPort5.EF6\UserProfile.Compatibility.cs(108,41): error CS1061: 'UserProfile' does not contain a definition for 'UserProfileId' and no accessible extension method 'UserProfileId' accepting a first argument of type 'UserProfile' could be found (are you missing a using directive or an assembly reference?) [C:\Projects\xPort5.2025\xPort5.EF6\xPort5.EF6.csproj]
C:\Projects\xPort5.2025\xPort5.EF6\UserProfile.Compatibility.cs(112,46): error CS1061: 'UserProfile' does not contain a definition for 'UserProfileId' and no accessible extension method 'UserProfileId' accepting a first argument of type 'UserProfile' could be found (are you missing a using directive or an assembly reference?) [C:\Projects\xPort5.2025\xPort5.EF6\xPort5.EF6.csproj]
C:\Projects\xPort5.2025\xPort5.EF6\UserProfile.Compatibility.cs(116,45): error CS1061: 'UserProfile' does not contain a definition for 'UserProfileId' and no accessible extension method 'UserProfileId' accepting a first argument of type 'UserProfile' could be found (are you missing a using directive or an assembly reference?) [C:\Projects\xPort5.2025\xPort5.EF6\xPort5.EF6.csproj]
C:\Projects\xPort5.2025\xPort5.EF6\UserProfile.Compatibility.cs(129,25): error CS1061: 'UserProfile' does not contain a definition for 'UserProfileId' and no accessible extension method 'UserProfileId' accepting a first argument of type 'UserProfile' could be found (are you missing a using directive or an assembly reference?) [C:\Projects\xPort5.2025\xPort5.EF6\xPort5.EF6.csproj]
C:\Projects\xPort5.2025\xPort5.EF6\X_Counter.Compatibility.cs(28,50): error CS1061: 'X_Counter' does not contain a definition for 'X_CounterId' and no accessible extension method 'X_CounterId' accepting a first argument of type 'X_Counter' could be found (are you missing a using directive or an assembly reference?) [C:\Projects\xPort5.2025\xPort5.EF6\xPort5.EF6.csproj]
C:\Projects\xPort5.2025\xPort5.EF6\Z_Address.Compatibility.cs(41,50): error CS1061: 'Z_Address' does not contain a definition for 'Z_AddressId' and no accessible extension method 'Z_AddressId' accepting a first argument of type 'Z_Address' could be found (are you missing a using directive or an assembly reference?) [C:\Projects\xPort5.2025\xPort5.EF6\xPort5.EF6.csproj]
C:\Projects\xPort5.2025\xPort5.EF6\X_Counter.Compatibility.cs(41,50): error CS1061: 'X_Counter' does not contain a definition for 'X_CounterId' and no accessible extension method 'X_CounterId' accepting a first argument of type 'X_Counter' could be found (are you missing a using directive or an assembly reference?) [C:\Projects\xPort5.2025\xPort5.EF6\xPort5.EF6.csproj]
C:\Projects\xPort5.2025\xPort5.EF6\X_ErrorLog.Compatibility.cs(28,50): error CS1061: 'X_ErrorLog' does not contain a definition for 'X_ErrorLogId' and no accessible extension method 'X_ErrorLogId' accepting a first argument of type 'X_ErrorLog' could be found (are you missing a using directive or an assembly reference?) [C:\Projects\xPort5.2025\xPort5.EF6\xPort5.EF6.csproj]
C:\Projects\xPort5.2025\xPort5.EF6\X_ErrorLog.Compatibility.cs(41,50): error CS1061: 'X_ErrorLog' does not contain a definition for 'X_ErrorLogId' and no accessible extension method 'X_ErrorLogId' accepting a first argument of type 'X_ErrorLog' could be found (are you missing a using directive or an assembly reference?) [C:\Projects\xPort5.2025\xPort5.EF6\xPort5.EF6.csproj]
C:\Projects\xPort5.2025\xPort5.EF6\X_EventLog.Compatibility.cs(28,50): error CS1061: 'X_EventLog' does not contain a definition for 'X_EventLogId' and no accessible extension method 'X_EventLogId' accepting a first argument of type 'X_EventLog' could be found (are you missing a using directive or an assembly reference?) [C:\Projects\xPort5.2025\xPort5.EF6\xPort5.EF6.csproj]
C:\Projects\xPort5.2025\xPort5.EF6\X_EventLog.Compatibility.cs(41,50): error CS1061: 'X_EventLog' does not contain a definition for 'X_EventLogId' and no accessible extension method 'X_EventLogId' accepting a first argument of type 'X_EventLog' could be found (are you missing a using directive or an assembly reference?) [C:\Projects\xPort5.2025\xPort5.EF6\xPort5.EF6.csproj]
C:\Projects\xPort5.2025\xPort5.EF6\Z_Address.Compatibility.cs(103,30): error CS1061: 'Z_Address' does not contain a definition for 'Z_AddressId' and no accessible extension method 'Z_AddressId' accepting a first argument of type 'Z_Address' could be found (are you missing a using directive or an assembly reference?) [C:\Projects\xPort5.2025\xPort5.EF6\xPort5.EF6.csproj]
C:\Projects\xPort5.2025\xPort5.EF6\Z_Address.Compatibility.cs(105,30): error CS1061: 'Z_Address' does not contain a definition for 'Z_AddressId' and no accessible extension method 'Z_AddressId' accepting a first argument of type 'Z_Address' could be found (are you missing a using directive or an assembly reference?) [C:\Projects\xPort5.2025\xPort5.EF6\xPort5.EF6.csproj]
C:\Projects\xPort5.2025\xPort5.EF6\Z_Address.Compatibility.cs(108,41): error CS1061: 'Z_Address' does not contain a definition for 'Z_AddressId' and no accessible extension method 'Z_AddressId' accepting a first argument of type 'Z_Address' could be found (are you missing a using directive or an assembly reference?) [C:\Projects\xPort5.2025\xPort5.EF6\xPort5.EF6.csproj]
C:\Projects\xPort5.2025\xPort5.EF6\Z_Address.Compatibility.cs(112,46): error CS1061: 'Z_Address' does not contain a definition for 'Z_AddressId' and no accessible extension method 'Z_AddressId' accepting a first argument of type 'Z_Address' could be found (are you missing a using directive or an assembly reference?) [C:\Projects\xPort5.2025\xPort5.EF6\xPort5.EF6.csproj]
C:\Projects\xPort5.2025\xPort5.EF6\Z_Address.Compatibility.cs(116,45): error CS1061: 'Z_Address' does not contain a definition for 'Z_AddressId' and no accessible extension method 'Z_AddressId' accepting a first argument of type 'Z_Address' could be found (are you missing a using directive or an assembly reference?) [C:\Projects\xPort5.2025\xPort5.EF6\xPort5.EF6.csproj]
C:\Projects\xPort5.2025\xPort5.EF6\Z_Address.Compatibility.cs(129,25): error CS1061: 'Z_Address' does not contain a definition for 'Z_AddressId' and no accessible extension method 'Z_AddressId' accepting a first argument of type 'Z_Address' could be found (are you missing a using directive or an assembly reference?) [C:\Projects\xPort5.2025\xPort5.EF6\xPort5.EF6.csproj]
C:\Projects\xPort5.2025\xPort5.EF6\UserDisplayPreference.Compatibility.cs(103,30): error CS1061: 'UserDisplayPreference' does not contain a definition for 'UserDisplayPreferenceId' and no accessible extension method 'UserDisplayPreferenceId' accepting a first argument of type 'UserDisplayPreference' could be found (are you missing a using directive or an assembly reference?) [C:\Projects\xPort5.2025\xPort5.EF6\xPort5.EF6.csproj]
C:\Projects\xPort5.2025\xPort5.EF6\UserDisplayPreference.Compatibility.cs(105,30): error CS1061: 'UserDisplayPreference' does not contain a definition for 'UserDisplayPreferenceId' and no accessible extension method 'UserDisplayPreferenceId' accepting a first argument of type 'UserDisplayPreference' could be found (are you missing a using directive or an assembly reference?) [C:\Projects\xPort5.2025\xPort5.EF6\xPort5.EF6.csproj]
C:\Projects\xPort5.2025\xPort5.EF6\UserDisplayPreference.Compatibility.cs(108,41): error CS1061: 'UserDisplayPreference' does not contain a definition for 'UserDisplayPreferenceId' and no accessible extension method 'UserDisplayPreferenceId' accepting a first argument of type 'UserDisplayPreference' could be found (are you missing a using directive or an assembly reference?) [C:\Projects\xPort5.2025\xPort5.EF6\xPort5.EF6.csproj]
C:\Projects\xPort5.2025\xPort5.EF6\UserDisplayPreference.Compatibility.cs(112,46): error CS1061: 'UserDisplayPreference' does not contain a definition for 'UserDisplayPreferenceId' and no accessible extension method 'UserDisplayPreferenceId' accepting a first argument of type 'UserDisplayPreference' could be found (are you missing a using directive or an assembly reference?) [C:\Projects\xPort5.2025\xPort5.EF6\xPort5.EF6.csproj]
C:\Projects\xPort5.2025\xPort5.EF6\UserDisplayPreference.Compatibility.cs(116,45): error CS1061: 'UserDisplayPreference' does not contain a definition for 'UserDisplayPreferenceId' and no accessible extension method 'UserDisplayPreferenceId' accepting a first argument of type 'UserDisplayPreference' could be found (are you missing a using directive or an assembly reference?) [C:\Projects\xPort5.2025\xPort5.EF6\xPort5.EF6.csproj]
C:\Projects\xPort5.2025\xPort5.EF6\UserDisplayPreference.Compatibility.cs(129,25): error CS1061: 'UserDisplayPreference' does not contain a definition for 'UserDisplayPreferenceId' and no accessible extension method 'UserDisplayPreferenceId' accepting a first argument of type 'UserDisplayPreference' could be found (are you missing a using directive or an assembly reference?) [C:\Projects\xPort5.2025\xPort5.EF6\xPort5.EF6.csproj]
C:\Projects\xPort5.2025\xPort5.EF6\X_ErrorLog.Compatibility.cs(103,30): error CS1061: 'X_ErrorLog' does not contain a definition for 'X_ErrorLogId' and no accessible extension method 'X_ErrorLogId' accepting a first argument of type 'X_ErrorLog' could be found (are you missing a using directive or an assembly reference?) [C:\Projects\xPort5.2025\xPort5.EF6\xPort5.EF6.csproj]
C:\Projects\xPort5.2025\xPort5.EF6\X_ErrorLog.Compatibility.cs(105,30): error CS1061: 'X_ErrorLog' does not contain a definition for 'X_ErrorLogId' and no accessible extension method 'X_ErrorLogId' accepting a first argument of type 'X_ErrorLog' could be found (are you missing a using directive or an assembly reference?) [C:\Projects\xPort5.2025\xPort5.EF6\xPort5.EF6.csproj]
C:\Projects\xPort5.2025\xPort5.EF6\X_ErrorLog.Compatibility.cs(108,41): error CS1061: 'X_ErrorLog' does not contain a definition for 'X_ErrorLogId' and no accessible extension method 'X_ErrorLogId' accepting a first argument of type 'X_ErrorLog' could be found (are you missing a using directive or an assembly reference?) [C:\Projects\xPort5.2025\xPort5.EF6\xPort5.EF6.csproj]
C:\Projects\xPort5.2025\xPort5.EF6\X_ErrorLog.Compatibility.cs(112,46): error CS1061: 'X_ErrorLog' does not contain a definition for 'X_ErrorLogId' and no accessible extension method 'X_ErrorLogId' accepting a first argument of type 'X_ErrorLog' could be found (are you missing a using directive or an assembly reference?) [C:\Projects\xPort5.2025\xPort5.EF6\xPort5.EF6.csproj]
C:\Projects\xPort5.2025\xPort5.EF6\X_ErrorLog.Compatibility.cs(116,45): error CS1061: 'X_ErrorLog' does not contain a definition for 'X_ErrorLogId' and no accessible extension method 'X_ErrorLogId' accepting a first argument of type 'X_ErrorLog' could be found (are you missing a using directive or an assembly reference?) [C:\Projects\xPort5.2025\xPort5.EF6\xPort5.EF6.csproj]
C:\Projects\xPort5.2025\xPort5.EF6\X_ErrorLog.Compatibility.cs(129,25): error CS1061: 'X_ErrorLog' does not contain a definition for 'X_ErrorLogId' and no accessible extension method 'X_ErrorLogId' accepting a first argument of type 'X_ErrorLog' could be found (are you missing a using directive or an assembly reference?) [C:\Projects\xPort5.2025\xPort5.EF6\xPort5.EF6.csproj]
C:\Projects\xPort5.2025\xPort5.EF6\X_AppPath.Compatibility.cs(41,50): error CS1061: 'X_AppPath' does not contain a definition for 'X_AppPathId' and no accessible extension method 'X_AppPathId' accepting a first argument of type 'X_AppPath' could be found (are you missing a using directive or an assembly reference?) [C:\Projects\xPort5.2025\xPort5.EF6\xPort5.EF6.csproj]
C:\Projects\xPort5.2025\xPort5.EF6\Z_Address.Compatibility.cs(187,71): error CS1061: 'Z_Address' does not contain a definition for 'Z_AddressId' and no accessible extension method 'Z_AddressId' accepting a first argument of type 'Z_Address' could be found (are you missing a using directive or an assembly reference?) [C:\Projects\xPort5.2025\xPort5.EF6\xPort5.EF6.csproj]
C:\Projects\xPort5.2025\xPort5.EF6\Z_Address.Compatibility.cs(187,60): error CS1503: Argument 1: cannot convert from 'string' to 'System.Guid' [C:\Projects\xPort5.2025\xPort5.EF6\xPort5.EF6.csproj]
C:\Projects\xPort5.2025\xPort5.EF6\UserProfile.Compatibility.cs(187,71): error CS1061: 'UserProfile' does not contain a definition for 'UserProfileId' and no accessible extension method 'UserProfileId' accepting a first argument of type 'UserProfile' could be found (are you missing a using directive or an assembly reference?) [C:\Projects\xPort5.2025\xPort5.EF6\xPort5.EF6.csproj]
C:\Projects\xPort5.2025\xPort5.EF6\UserProfile.Compatibility.cs(187,60): error CS1503: Argument 1: cannot convert from 'string' to 'System.Guid' [C:\Projects\xPort5.2025\xPort5.EF6\xPort5.EF6.csproj]
C:\Projects\xPort5.2025\xPort5.EF6\X_ErrorLog.Compatibility.cs(187,71): error CS1061: 'X_ErrorLog' does not contain a definition for 'X_ErrorLogId' and no accessible extension method 'X_ErrorLogId' accepting a first argument of type 'X_ErrorLog' could be found (are you missing a using directive or an assembly reference?) [C:\Projects\xPort5.2025\xPort5.EF6\xPort5.EF6.csproj]
C:\Projects\xPort5.2025\xPort5.EF6\X_ErrorLog.Compatibility.cs(187,60): error CS1503: Argument 1: cannot convert from 'string' to 'System.Guid' [C:\Projects\xPort5.2025\xPort5.EF6\xPort5.EF6.csproj]
C:\Projects\xPort5.2025\xPort5.EF6\X_Counter.Compatibility.cs(103,30): error CS1061: 'X_Counter' does not contain a definition for 'X_CounterId' and no accessible extension method 'X_CounterId' accepting a first argument of type 'X_Counter' could be found (are you missing a using directive or an assembly reference?) [C:\Projects\xPort5.2025\xPort5.EF6\xPort5.EF6.csproj]
C:\Projects\xPort5.2025\xPort5.EF6\X_Counter.Compatibility.cs(105,30): error CS1061: 'X_Counter' does not contain a definition for 'X_CounterId' and no accessible extension method 'X_CounterId' accepting a first argument of type 'X_Counter' could be found (are you missing a using directive or an assembly reference?) [C:\Projects\xPort5.2025\xPort5.EF6\xPort5.EF6.csproj]
C:\Projects\xPort5.2025\xPort5.EF6\X_Counter.Compatibility.cs(108,41): error CS1061: 'X_Counter' does not contain a definition for 'X_CounterId' and no accessible extension method 'X_CounterId' accepting a first argument of type 'X_Counter' could be found (are you missing a using directive or an assembly reference?) [C:\Projects\xPort5.2025\xPort5.EF6\xPort5.EF6.csproj]
C:\Projects\xPort5.2025\xPort5.EF6\X_Counter.Compatibility.cs(112,46): error CS1061: 'X_Counter' does not contain a definition for 'X_CounterId' and no accessible extension method 'X_CounterId' accepting a first argument of type 'X_Counter' could be found (are you missing a using directive or an assembly reference?) [C:\Projects\xPort5.2025\xPort5.EF6\xPort5.EF6.csproj]
C:\Projects\xPort5.2025\xPort5.EF6\X_Counter.Compatibility.cs(116,45): error CS1061: 'X_Counter' does not contain a definition for 'X_CounterId' and no accessible extension method 'X_CounterId' accepting a first argument of type 'X_Counter' could be found (are you missing a using directive or an assembly reference?) [C:\Projects\xPort5.2025\xPort5.EF6\xPort5.EF6.csproj]
C:\Projects\xPort5.2025\xPort5.EF6\X_Counter.Compatibility.cs(129,25): error CS1061: 'X_Counter' does not contain a definition for 'X_CounterId' and no accessible extension method 'X_CounterId' accepting a first argument of type 'X_Counter' could be found (are you missing a using directive or an assembly reference?) [C:\Projects\xPort5.2025\xPort5.EF6\xPort5.EF6.csproj]
C:\Projects\xPort5.2025\xPort5.EF6\UserDisplayPreference.Compatibility.cs(187,71): error CS1061: 'UserDisplayPreference' does not contain a definition for 'UserDisplayPreferenceId' and no accessible extension method 'UserDisplayPreferenceId' accepting a first argument of type 'UserDisplayPreference' could be found (are you missing a using directive or an assembly reference?) [C:\Projects\xPort5.2025\xPort5.EF6\xPort5.EF6.csproj]
C:\Projects\xPort5.2025\xPort5.EF6\UserDisplayPreference.Compatibility.cs(187,60): error CS1503: Argument 1: cannot convert from 'string' to 'System.Guid' [C:\Projects\xPort5.2025\xPort5.EF6\xPort5.EF6.csproj]
C:\Projects\xPort5.2025\xPort5.EF6\X_Counter.Compatibility.cs(187,71): error CS1061: 'X_Counter' does not contain a definition for 'X_CounterId' and no accessible extension method 'X_CounterId' accepting a first argument of type 'X_Counter' could be found (are you missing a using directive or an assembly reference?) [C:\Projects\xPort5.2025\xPort5.EF6\xPort5.EF6.csproj]
C:\Projects\xPort5.2025\xPort5.EF6\X_Counter.Compatibility.cs(187,60): error CS1503: Argument 1: cannot convert from 'string' to 'System.Guid' [C:\Projects\xPort5.2025\xPort5.EF6\xPort5.EF6.csproj]
C:\Projects\xPort5.2025\xPort5.EF6\X_EventLog.Compatibility.cs(103,30): error CS1061: 'X_EventLog' does not contain a definition for 'X_EventLogId' and no accessible extension method 'X_EventLogId' accepting a first argument of type 'X_EventLog' could be found (are you missing a using directive or an assembly reference?) [C:\Projects\xPort5.2025\xPort5.EF6\xPort5.EF6.csproj]
C:\Projects\xPort5.2025\xPort5.EF6\X_EventLog.Compatibility.cs(105,30): error CS1061: 'X_EventLog' does not contain a definition for 'X_EventLogId' and no accessible extension method 'X_EventLogId' accepting a first argument of type 'X_EventLog' could be found (are you missing a using directive or an assembly reference?) [C:\Projects\xPort5.2025\xPort5.EF6\xPort5.EF6.csproj]
C:\Projects\xPort5.2025\xPort5.EF6\X_EventLog.Compatibility.cs(108,41): error CS1061: 'X_EventLog' does not contain a definition for 'X_EventLogId' and no accessible extension method 'X_EventLogId' accepting a first argument of type 'X_EventLog' could be found (are you missing a using directive or an assembly reference?) [C:\Projects\xPort5.2025\xPort5.EF6\xPort5.EF6.csproj]
C:\Projects\xPort5.2025\xPort5.EF6\X_EventLog.Compatibility.cs(112,46): error CS1061: 'X_EventLog' does not contain a definition for 'X_EventLogId' and no accessible extension method 'X_EventLogId' accepting a first argument of type 'X_EventLog' could be found (are you missing a using directive or an assembly reference?) [C:\Projects\xPort5.2025\xPort5.EF6\xPort5.EF6.csproj]
C:\Projects\xPort5.2025\xPort5.EF6\X_EventLog.Compatibility.cs(116,45): error CS1061: 'X_EventLog' does not contain a definition for 'X_EventLogId' and no accessible extension method 'X_EventLogId' accepting a first argument of type 'X_EventLog' could be found (are you missing a using directive or an assembly reference?) [C:\Projects\xPort5.2025\xPort5.EF6\xPort5.EF6.csproj]
C:\Projects\xPort5.2025\xPort5.EF6\X_AppPath.Compatibility.cs(103,30): error CS1061: 'X_AppPath' does not contain a definition for 'X_AppPathId' and no accessible extension method 'X_AppPathId' accepting a first argument of type 'X_AppPath' could be found (are you missing a using directive or an assembly reference?) [C:\Projects\xPort5.2025\xPort5.EF6\xPort5.EF6.csproj]
C:\Projects\xPort5.2025\xPort5.EF6\X_AppPath.Compatibility.cs(105,30): error CS1061: 'X_AppPath' does not contain a definition for 'X_AppPathId' and no accessible extension method 'X_AppPathId' accepting a first argument of type 'X_AppPath' could be found (are you missing a using directive or an assembly reference?) [C:\Projects\xPort5.2025\xPort5.EF6\xPort5.EF6.csproj]
C:\Projects\xPort5.2025\xPort5.EF6\X_AppPath.Compatibility.cs(108,41): error CS1061: 'X_AppPath' does not contain a definition for 'X_AppPathId' and no accessible extension method 'X_AppPathId' accepting a first argument of type 'X_AppPath' could be found (are you missing a using directive or an assembly reference?) [C:\Projects\xPort5.2025\xPort5.EF6\xPort5.EF6.csproj]
C:\Projects\xPort5.2025\xPort5.EF6\X_AppPath.Compatibility.cs(112,46): error CS1061: 'X_AppPath' does not contain a definition for 'X_AppPathId' and no accessible extension method 'X_AppPathId' accepting a first argument of type 'X_AppPath' could be found (are you missing a using directive or an assembly reference?) [C:\Projects\xPort5.2025\xPort5.EF6\xPort5.EF6.csproj]
C:\Projects\xPort5.2025\xPort5.EF6\X_AppPath.Compatibility.cs(116,45): error CS1061: 'X_AppPath' does not contain a definition for 'X_AppPathId' and no accessible extension method 'X_AppPathId' accepting a first argument of type 'X_AppPath' could be found (are you missing a using directive or an assembly reference?) [C:\Projects\xPort5.2025\xPort5.EF6\xPort5.EF6.csproj]
C:\Projects\xPort5.2025\xPort5.EF6\X_EventLog.Compatibility.cs(129,25): error CS1061: 'X_EventLog' does not contain a definition for 'X_EventLogId' and no accessible extension method 'X_EventLogId' accepting a first argument of type 'X_EventLog' could be found (are you missing a using directive or an assembly reference?) [C:\Projects\xPort5.2025\xPort5.EF6\xPort5.EF6.csproj]
C:\Projects\xPort5.2025\xPort5.EF6\X_AppPath.Compatibility.cs(129,25): error CS1061: 'X_AppPath' does not contain a definition for 'X_AppPathId' and no accessible extension method 'X_AppPathId' accepting a first argument of type 'X_AppPath' could be found (are you missing a using directive or an assembly reference?) [C:\Projects\xPort5.2025\xPort5.EF6\xPort5.EF6.csproj]
C:\Projects\xPort5.2025\xPort5.EF6\X_AppPath.Compatibility.cs(187,71): error CS1061: 'X_AppPath' does not contain a definition for 'X_AppPathId' and no accessible extension method 'X_AppPathId' accepting a first argument of type 'X_AppPath' could be found (are you missing a using directive or an assembly reference?) [C:\Projects\xPort5.2025\xPort5.EF6\xPort5.EF6.csproj]
C:\Projects\xPort5.2025\xPort5.EF6\X_AppPath.Compatibility.cs(187,60): error CS1503: Argument 1: cannot convert from 'string' to 'System.Guid' [C:\Projects\xPort5.2025\xPort5.EF6\xPort5.EF6.csproj]
C:\Projects\xPort5.2025\xPort5.EF6\X_EventLog.Compatibility.cs(187,71): error CS1061: 'X_EventLog' does not contain a definition for 'X_EventLogId' and no accessible extension method 'X_EventLogId' accepting a first argument of type 'X_EventLog' could be found (are you missing a using directive or an assembly reference?) [C:\Projects\xPort5.2025\xPort5.EF6\xPort5.EF6.csproj]
C:\Projects\xPort5.2025\xPort5.EF6\X_EventLog.Compatibility.cs(187,60): error CS1503: Argument 1: cannot convert from 'string' to 'System.Guid' [C:\Projects\xPort5.2025\xPort5.EF6\xPort5.EF6.csproj]
  CompilerServer: server - server processed compilation - xPort5.EF6
Done Building Project "C:\Projects\xPort5.2025\xPort5.EF6\xPort5.EF6.csproj" (Build target(s)) -- FAILED.

Build FAILED.

"C:\Projects\xPort5.2025\xPort5.EF6\xPort5.EF6.csproj" (Build target) (1) ->
(CoreCompile target) -> 
  C:\Projects\xPort5.2025\xPort5.EF6\OrderINCharges.Compatibility.cs(28,50): error CS1061: 'OrderINCharges' does not contain a definition for 'OrderINChargesId' and no accessible extension method 'OrderINChargesId' accepting a first argument of type 'OrderINCharges' could be found (are you missing a using directive or an assembly reference?) [C:\Projects\xPort5.2025\xPort5.EF6\xPort5.EF6.csproj]
  C:\Projects\xPort5.2025\xPort5.EF6\OrderINCharges.Compatibility.cs(41,50): error CS1061: 'OrderINCharges' does not contain a definition for 'OrderINChargesId' and no accessible extension method 'OrderINChargesId' accepting a first argument of type 'OrderINCharges' could be found (are you missing a using directive or an assembly reference?) [C:\Projects\xPort5.2025\xPort5.EF6\xPort5.EF6.csproj]
  C:\Projects\xPort5.2025\xPort5.EF6\OrderINCharges.Compatibility.cs(103,30): error CS1061: 'OrderINCharges' does not contain a definition for 'OrderINChargesId' and no accessible extension method 'OrderINChargesId' accepting a first argument of type 'OrderINCharges' could be found (are you missing a using directive or an assembly reference?) [C:\Projects\xPort5.2025\xPort5.EF6\xPort5.EF6.csproj]
  C:\Projects\xPort5.2025\xPort5.EF6\OrderINCharges.Compatibility.cs(105,30): error CS1061: 'OrderINCharges' does not contain a definition for 'OrderINChargesId' and no accessible extension method 'OrderINChargesId' accepting a first argument of type 'OrderINCharges' could be found (are you missing a using directive or an assembly reference?) [C:\Projects\xPort5.2025\xPort5.EF6\xPort5.EF6.csproj]
  C:\Projects\xPort5.2025\xPort5.EF6\OrderINCharges.Compatibility.cs(108,41): error CS1061: 'OrderINCharges' does not contain a definition for 'OrderINChargesId' and no accessible extension method 'OrderINChargesId' accepting a first argument of type 'OrderINCharges' could be found (are you missing a using directive or an assembly reference?) [C:\Projects\xPort5.2025\xPort5.EF6\xPort5.EF6.csproj]
  C:\Projects\xPort5.2025\xPort5.EF6\OrderINCharges.Compatibility.cs(112,46): error CS1061: 'OrderINCharges' does not contain a definition for 'OrderINChargesId' and no accessible extension method 'OrderINChargesId' accepting a first argument of type 'OrderINCharges' could be found (are you missing a using directive or an assembly reference?) [C:\Projects\xPort5.2025\xPort5.EF6\xPort5.EF6.csproj]
  C:\Projects\xPort5.2025\xPort5.EF6\OrderINCharges.Compatibility.cs(116,45): error CS1061: 'OrderINCharges' does not contain a definition for 'OrderINChargesId' and no accessible extension method 'OrderINChargesId' accepting a first argument of type 'OrderINCharges' could be found (are you missing a using directive or an assembly reference?) [C:\Projects\xPort5.2025\xPort5.EF6\xPort5.EF6.csproj]
  C:\Projects\xPort5.2025\xPort5.EF6\OrderINCharges.Compatibility.cs(129,25): error CS1061: 'OrderINCharges' does not contain a definition for 'OrderINChargesId' and no accessible extension method 'OrderINChargesId' accepting a first argument of type 'OrderINCharges' could be found (are you missing a using directive or an assembly reference?) [C:\Projects\xPort5.2025\xPort5.EF6\xPort5.EF6.csproj]
  C:\Projects\xPort5.2025\xPort5.EF6\OrderINCharges.Compatibility.cs(187,71): error CS1061: 'OrderINCharges' does not contain a definition for 'OrderINChargesId' and no accessible extension method 'OrderINChargesId' accepting a first argument of type 'OrderINCharges' could be found (are you missing a using directive or an assembly reference?) [C:\Projects\xPort5.2025\xPort5.EF6\xPort5.EF6.csproj]
  C:\Projects\xPort5.2025\xPort5.EF6\OrderINCharges.Compatibility.cs(187,60): error CS1503: Argument 1: cannot convert from 'string' to 'System.Guid' [C:\Projects\xPort5.2025\xPort5.EF6\xPort5.EF6.csproj]
  C:\Projects\xPort5.2025\xPort5.EF6\Z_Salutation.Compatibility.cs(28,50): error CS1061: 'Z_Salutation' does not contain a definition for 'Z_SalutationId' and no accessible extension method 'Z_SalutationId' accepting a first argument of type 'Z_Salutation' could be found (are you missing a using directive or an assembly reference?) [C:\Projects\xPort5.2025\xPort5.EF6\xPort5.EF6.csproj]
  C:\Projects\xPort5.2025\xPort5.EF6\OrderQTItems.Compatibility.cs(28,50): error CS1061: 'OrderQTItems' does not contain a definition for 'OrderQTItemsId' and no accessible extension method 'OrderQTItemsId' accepting a first argument of type 'OrderQTItems' could be found (are you missing a using directive or an assembly reference?) [C:\Projects\xPort5.2025\xPort5.EF6\xPort5.EF6.csproj]
  C:\Projects\xPort5.2025\xPort5.EF6\OrderQTItems.Compatibility.cs(41,50): error CS1061: 'OrderQTItems' does not contain a definition for 'OrderQTItemsId' and no accessible extension method 'OrderQTItemsId' accepting a first argument of type 'OrderQTItems' could be found (are you missing a using directive or an assembly reference?) [C:\Projects\xPort5.2025\xPort5.EF6\xPort5.EF6.csproj]
  C:\Projects\xPort5.2025\xPort5.EF6\OrderQTSupplier.Compatibility.cs(28,50): error CS1061: 'OrderQTSupplier' does not contain a definition for 'OrderQTSupplierId' and no accessible extension method 'OrderQTSupplierId' accepting a first argument of type 'OrderQTSupplier' could be found (are you missing a using directive or an assembly reference?) [C:\Projects\xPort5.2025\xPort5.EF6\xPort5.EF6.csproj]
  C:\Projects\xPort5.2025\xPort5.EF6\OrderQTSupplier.Compatibility.cs(41,50): error CS1061: 'OrderQTSupplier' does not contain a definition for 'OrderQTSupplierId' and no accessible extension method 'OrderQTSupplierId' accepting a first argument of type 'OrderQTSupplier' could be found (are you missing a using directive or an assembly reference?) [C:\Projects\xPort5.2025\xPort5.EF6\xPort5.EF6.csproj]
  C:\Projects\xPort5.2025\xPort5.EF6\OrderQTSupplier.Compatibility.cs(103,30): error CS1061: 'OrderQTSupplier' does not contain a definition for 'OrderQTSupplierId' and no accessible extension method 'OrderQTSupplierId' accepting a first argument of type 'OrderQTSupplier' could be found (are you missing a using directive or an assembly reference?) [C:\Projects\xPort5.2025\xPort5.EF6\xPort5.EF6.csproj]
  C:\Projects\xPort5.2025\xPort5.EF6\OrderQTSupplier.Compatibility.cs(105,30): error CS1061: 'OrderQTSupplier' does not contain a definition for 'OrderQTSupplierId' and no accessible extension method 'OrderQTSupplierId' accepting a first argument of type 'OrderQTSupplier' could be found (are you missing a using directive or an assembly reference?) [C:\Projects\xPort5.2025\xPort5.EF6\xPort5.EF6.csproj]
  C:\Projects\xPort5.2025\xPort5.EF6\OrderQTSupplier.Compatibility.cs(108,41): error CS1061: 'OrderQTSupplier' does not contain a definition for 'OrderQTSupplierId' and no accessible extension method 'OrderQTSupplierId' accepting a first argument of type 'OrderQTSupplier' could be found (are you missing a using directive or an assembly reference?) [C:\Projects\xPort5.2025\xPort5.EF6\xPort5.EF6.csproj]
  C:\Projects\xPort5.2025\xPort5.EF6\OrderQTSupplier.Compatibility.cs(112,46): error CS1061: 'OrderQTSupplier' does not contain a definition for 'OrderQTSupplierId' and no accessible extension method 'OrderQTSupplierId' accepting a first argument of type 'OrderQTSupplier' could be found (are you missing a using directive or an assembly reference?) [C:\Projects\xPort5.2025\xPort5.EF6\xPort5.EF6.csproj]
  C:\Projects\xPort5.2025\xPort5.EF6\OrderQTSupplier.Compatibility.cs(116,45): error CS1061: 'OrderQTSupplier' does not contain a definition for 'OrderQTSupplierId' and no accessible extension method 'OrderQTSupplierId' accepting a first argument of type 'OrderQTSupplier' could be found (are you missing a using directive or an assembly reference?) [C:\Projects\xPort5.2025\xPort5.EF6\xPort5.EF6.csproj]
  C:\Projects\xPort5.2025\xPort5.EF6\OrderQTSupplier.Compatibility.cs(129,25): error CS1061: 'OrderQTSupplier' does not contain a definition for 'OrderQTSupplierId' and no accessible extension method 'OrderQTSupplierId' accepting a first argument of type 'OrderQTSupplier' could be found (are you missing a using directive or an assembly reference?) [C:\Projects\xPort5.2025\xPort5.EF6\xPort5.EF6.csproj]
  C:\Projects\xPort5.2025\xPort5.EF6\OrderQTSupplier.Compatibility.cs(187,71): error CS1061: 'OrderQTSupplier' does not contain a definition for 'OrderQTSupplierId' and no accessible extension method 'OrderQTSupplierId' accepting a first argument of type 'OrderQTSupplier' could be found (are you missing a using directive or an assembly reference?) [C:\Projects\xPort5.2025\xPort5.EF6\xPort5.EF6.csproj]
  C:\Projects\xPort5.2025\xPort5.EF6\OrderQTSupplier.Compatibility.cs(187,60): error CS1503: Argument 1: cannot convert from 'string' to 'System.Guid' [C:\Projects\xPort5.2025\xPort5.EF6\xPort5.EF6.csproj]
  C:\Projects\xPort5.2025\xPort5.EF6\Z_Salutation.Compatibility.cs(41,50): error CS1061: 'Z_Salutation' does not contain a definition for 'Z_SalutationId' and no accessible extension method 'Z_SalutationId' accepting a first argument of type 'Z_Salutation' could be found (are you missing a using directive or an assembly reference?) [C:\Projects\xPort5.2025\xPort5.EF6\xPort5.EF6.csproj]
  C:\Projects\xPort5.2025\xPort5.EF6\SystemInfo.Compatibility.cs(28,50): error CS1061: 'SystemInfo' does not contain a definition for 'SystemInfoId' and no accessible extension method 'SystemInfoId' accepting a first argument of type 'SystemInfo' could be found (are you missing a using directive or an assembly reference?) [C:\Projects\xPort5.2025\xPort5.EF6\xPort5.EF6.csproj]
  C:\Projects\xPort5.2025\xPort5.EF6\SystemInfo.Compatibility.cs(41,50): error CS1061: 'SystemInfo' does not contain a definition for 'SystemInfoId' and no accessible extension method 'SystemInfoId' accepting a first argument of type 'SystemInfo' could be found (are you missing a using directive or an assembly reference?) [C:\Projects\xPort5.2025\xPort5.EF6\xPort5.EF6.csproj]
  C:\Projects\xPort5.2025\xPort5.EF6\Z_Salutation.Compatibility.cs(103,30): error CS1061: 'Z_Salutation' does not contain a definition for 'Z_SalutationId' and no accessible extension method 'Z_SalutationId' accepting a first argument of type 'Z_Salutation' could be found (are you missing a using directive or an assembly reference?) [C:\Projects\xPort5.2025\xPort5.EF6\xPort5.EF6.csproj]
  C:\Projects\xPort5.2025\xPort5.EF6\Z_Salutation.Compatibility.cs(105,30): error CS1061: 'Z_Salutation' does not contain a definition for 'Z_SalutationId' and no accessible extension method 'Z_SalutationId' accepting a first argument of type 'Z_Salutation' could be found (are you missing a using directive or an assembly reference?) [C:\Projects\xPort5.2025\xPort5.EF6\xPort5.EF6.csproj]
  C:\Projects\xPort5.2025\xPort5.EF6\Z_Salutation.Compatibility.cs(108,41): error CS1061: 'Z_Salutation' does not contain a definition for 'Z_SalutationId' and no accessible extension method 'Z_SalutationId' accepting a first argument of type 'Z_Salutation' could be found (are you missing a using directive or an assembly reference?) [C:\Projects\xPort5.2025\xPort5.EF6\xPort5.EF6.csproj]
  C:\Projects\xPort5.2025\xPort5.EF6\Z_Salutation.Compatibility.cs(112,46): error CS1061: 'Z_Salutation' does not contain a definition for 'Z_SalutationId' and no accessible extension method 'Z_SalutationId' accepting a first argument of type 'Z_Salutation' could be found (are you missing a using directive or an assembly reference?) [C:\Projects\xPort5.2025\xPort5.EF6\xPort5.EF6.csproj]
  C:\Projects\xPort5.2025\xPort5.EF6\Z_Salutation.Compatibility.cs(116,45): error CS1061: 'Z_Salutation' does not contain a definition for 'Z_SalutationId' and no accessible extension method 'Z_SalutationId' accepting a first argument of type 'Z_Salutation' could be found (are you missing a using directive or an assembly reference?) [C:\Projects\xPort5.2025\xPort5.EF6\xPort5.EF6.csproj]
  C:\Projects\xPort5.2025\xPort5.EF6\Z_Salutation.Compatibility.cs(129,25): error CS1061: 'Z_Salutation' does not contain a definition for 'Z_SalutationId' and no accessible extension method 'Z_SalutationId' accepting a first argument of type 'Z_Salutation' could be found (are you missing a using directive or an assembly reference?) [C:\Projects\xPort5.2025\xPort5.EF6\xPort5.EF6.csproj]
  C:\Projects\xPort5.2025\xPort5.EF6\SystemInfo.Compatibility.cs(103,30): error CS1061: 'SystemInfo' does not contain a definition for 'SystemInfoId' and no accessible extension method 'SystemInfoId' accepting a first argument of type 'SystemInfo' could be found (are you missing a using directive or an assembly reference?) [C:\Projects\xPort5.2025\xPort5.EF6\xPort5.EF6.csproj]
  C:\Projects\xPort5.2025\xPort5.EF6\SystemInfo.Compatibility.cs(105,30): error CS1061: 'SystemInfo' does not contain a definition for 'SystemInfoId' and no accessible extension method 'SystemInfoId' accepting a first argument of type 'SystemInfo' could be found (are you missing a using directive or an assembly reference?) [C:\Projects\xPort5.2025\xPort5.EF6\xPort5.EF6.csproj]
  C:\Projects\xPort5.2025\xPort5.EF6\SystemInfo.Compatibility.cs(108,41): error CS1061: 'SystemInfo' does not contain a definition for 'SystemInfoId' and no accessible extension method 'SystemInfoId' accepting a first argument of type 'SystemInfo' could be found (are you missing a using directive or an assembly reference?) [C:\Projects\xPort5.2025\xPort5.EF6\xPort5.EF6.csproj]
  C:\Projects\xPort5.2025\xPort5.EF6\SystemInfo.Compatibility.cs(112,46): error CS1061: 'SystemInfo' does not contain a definition for 'SystemInfoId' and no accessible extension method 'SystemInfoId' accepting a first argument of type 'SystemInfo' could be found (are you missing a using directive or an assembly reference?) [C:\Projects\xPort5.2025\xPort5.EF6\xPort5.EF6.csproj]
  C:\Projects\xPort5.2025\xPort5.EF6\SystemInfo.Compatibility.cs(116,45): error CS1061: 'SystemInfo' does not contain a definition for 'SystemInfoId' and no accessible extension method 'SystemInfoId' accepting a first argument of type 'SystemInfo' could be found (are you missing a using directive or an assembly reference?) [C:\Projects\xPort5.2025\xPort5.EF6\xPort5.EF6.csproj]
  C:\Projects\xPort5.2025\xPort5.EF6\SystemInfo.Compatibility.cs(129,25): error CS1061: 'SystemInfo' does not contain a definition for 'SystemInfoId' and no accessible extension method 'SystemInfoId' accepting a first argument of type 'SystemInfo' could be found (are you missing a using directive or an assembly reference?) [C:\Projects\xPort5.2025\xPort5.EF6\xPort5.EF6.csproj]
  C:\Projects\xPort5.2025\xPort5.EF6\Z_Salutation.Compatibility.cs(187,71): error CS1061: 'Z_Salutation' does not contain a definition for 'Z_SalutationId' and no accessible extension method 'Z_SalutationId' accepting a first argument of type 'Z_Salutation' could be found (are you missing a using directive or an assembly reference?) [C:\Projects\xPort5.2025\xPort5.EF6\xPort5.EF6.csproj]
  C:\Projects\xPort5.2025\xPort5.EF6\Z_Salutation.Compatibility.cs(187,60): error CS1503: Argument 1: cannot convert from 'string' to 'System.Guid' [C:\Projects\xPort5.2025\xPort5.EF6\xPort5.EF6.csproj]
  C:\Projects\xPort5.2025\xPort5.EF6\SystemInfo.Compatibility.cs(187,71): error CS1061: 'SystemInfo' does not contain a definition for 'SystemInfoId' and no accessible extension method 'SystemInfoId' accepting a first argument of type 'SystemInfo' could be found (are you missing a using directive or an assembly reference?) [C:\Projects\xPort5.2025\xPort5.EF6\xPort5.EF6.csproj]
  C:\Projects\xPort5.2025\xPort5.EF6\SystemInfo.Compatibility.cs(187,60): error CS1503: Argument 1: cannot convert from 'string' to 'System.Guid' [C:\Projects\xPort5.2025\xPort5.EF6\xPort5.EF6.csproj]
  C:\Projects\xPort5.2025\xPort5.EF6\Z_Phone.Compatibility.cs(28,50): error CS1061: 'Z_Phone' does not contain a definition for 'Z_PhoneId' and no accessible extension method 'Z_PhoneId' accepting a first argument of type 'Z_Phone' could be found (are you missing a using directive or an assembly reference?) [C:\Projects\xPort5.2025\xPort5.EF6\xPort5.EF6.csproj]
  C:\Projects\xPort5.2025\xPort5.EF6\Z_Phone.Compatibility.cs(41,50): error CS1061: 'Z_Phone' does not contain a definition for 'Z_PhoneId' and no accessible extension method 'Z_PhoneId' accepting a first argument of type 'Z_Phone' could be found (are you missing a using directive or an assembly reference?) [C:\Projects\xPort5.2025\xPort5.EF6\xPort5.EF6.csproj]
  C:\Projects\xPort5.2025\xPort5.EF6\T_BarCode.Compatibility.cs(28,50): error CS1061: 'T_BarCode' does not contain a definition for 'BarCodeId' and no accessible extension method 'BarCodeId' accepting a first argument of type 'T_BarCode' could be found (are you missing a using directive or an assembly reference?) [C:\Projects\xPort5.2025\xPort5.EF6\xPort5.EF6.csproj]
  C:\Projects\xPort5.2025\xPort5.EF6\T_BarCode.Compatibility.cs(41,50): error CS1061: 'T_BarCode' does not contain a definition for 'BarCodeId' and no accessible extension method 'BarCodeId' accepting a first argument of type 'T_BarCode' could be found (are you missing a using directive or an assembly reference?) [C:\Projects\xPort5.2025\xPort5.EF6\xPort5.EF6.csproj]
  C:\Projects\xPort5.2025\xPort5.EF6\Z_Phone.Compatibility.cs(103,30): error CS1061: 'Z_Phone' does not contain a definition for 'Z_PhoneId' and no accessible extension method 'Z_PhoneId' accepting a first argument of type 'Z_Phone' could be found (are you missing a using directive or an assembly reference?) [C:\Projects\xPort5.2025\xPort5.EF6\xPort5.EF6.csproj]
  C:\Projects\xPort5.2025\xPort5.EF6\Z_Phone.Compatibility.cs(105,30): error CS1061: 'Z_Phone' does not contain a definition for 'Z_PhoneId' and no accessible extension method 'Z_PhoneId' accepting a first argument of type 'Z_Phone' could be found (are you missing a using directive or an assembly reference?) [C:\Projects\xPort5.2025\xPort5.EF6\xPort5.EF6.csproj]
  C:\Projects\xPort5.2025\xPort5.EF6\Z_Phone.Compatibility.cs(108,41): error CS1061: 'Z_Phone' does not contain a definition for 'Z_PhoneId' and no accessible extension method 'Z_PhoneId' accepting a first argument of type 'Z_Phone' could be found (are you missing a using directive or an assembly reference?) [C:\Projects\xPort5.2025\xPort5.EF6\xPort5.EF6.csproj]
  C:\Projects\xPort5.2025\xPort5.EF6\Z_Phone.Compatibility.cs(112,46): error CS1061: 'Z_Phone' does not contain a definition for 'Z_PhoneId' and no accessible extension method 'Z_PhoneId' accepting a first argument of type 'Z_Phone' could be found (are you missing a using directive or an assembly reference?) [C:\Projects\xPort5.2025\xPort5.EF6\xPort5.EF6.csproj]
  C:\Projects\xPort5.2025\xPort5.EF6\Z_Phone.Compatibility.cs(116,45): error CS1061: 'Z_Phone' does not contain a definition for 'Z_PhoneId' and no accessible extension method 'Z_PhoneId' accepting a first argument of type 'Z_Phone' could be found (are you missing a using directive or an assembly reference?) [C:\Projects\xPort5.2025\xPort5.EF6\xPort5.EF6.csproj]
  C:\Projects\xPort5.2025\xPort5.EF6\Z_Phone.Compatibility.cs(129,25): error CS1061: 'Z_Phone' does not contain a definition for 'Z_PhoneId' and no accessible extension method 'Z_PhoneId' accepting a first argument of type 'Z_Phone' could be found (are you missing a using directive or an assembly reference?) [C:\Projects\xPort5.2025\xPort5.EF6\xPort5.EF6.csproj]
  C:\Projects\xPort5.2025\xPort5.EF6\T_BarCode.Compatibility.cs(103,30): error CS1061: 'T_BarCode' does not contain a definition for 'BarCodeId' and no accessible extension method 'BarCodeId' accepting a first argument of type 'T_BarCode' could be found (are you missing a using directive or an assembly reference?) [C:\Projects\xPort5.2025\xPort5.EF6\xPort5.EF6.csproj]
  C:\Projects\xPort5.2025\xPort5.EF6\T_BarCode.Compatibility.cs(105,30): error CS1061: 'T_BarCode' does not contain a definition for 'BarCodeId' and no accessible extension method 'BarCodeId' accepting a first argument of type 'T_BarCode' could be found (are you missing a using directive or an assembly reference?) [C:\Projects\xPort5.2025\xPort5.EF6\xPort5.EF6.csproj]
  C:\Projects\xPort5.2025\xPort5.EF6\T_BarCode.Compatibility.cs(108,41): error CS1061: 'T_BarCode' does not contain a definition for 'BarCodeId' and no accessible extension method 'BarCodeId' accepting a first argument of type 'T_BarCode' could be found (are you missing a using directive or an assembly reference?) [C:\Projects\xPort5.2025\xPort5.EF6\xPort5.EF6.csproj]
  C:\Projects\xPort5.2025\xPort5.EF6\T_BarCode.Compatibility.cs(112,46): error CS1061: 'T_BarCode' does not contain a definition for 'BarCodeId' and no accessible extension method 'BarCodeId' accepting a first argument of type 'T_BarCode' could be found (are you missing a using directive or an assembly reference?) [C:\Projects\xPort5.2025\xPort5.EF6\xPort5.EF6.csproj]
  C:\Projects\xPort5.2025\xPort5.EF6\T_BarCode.Compatibility.cs(116,45): error CS1061: 'T_BarCode' does not contain a definition for 'BarCodeId' and no accessible extension method 'BarCodeId' accepting a first argument of type 'T_BarCode' could be found (are you missing a using directive or an assembly reference?) [C:\Projects\xPort5.2025\xPort5.EF6\xPort5.EF6.csproj]
  C:\Projects\xPort5.2025\xPort5.EF6\T_BarCode.Compatibility.cs(129,25): error CS1061: 'T_BarCode' does not contain a definition for 'BarCodeId' and no accessible extension method 'BarCodeId' accepting a first argument of type 'T_BarCode' could be found (are you missing a using directive or an assembly reference?) [C:\Projects\xPort5.2025\xPort5.EF6\xPort5.EF6.csproj]
  C:\Projects\xPort5.2025\xPort5.EF6\Z_Phone.Compatibility.cs(187,71): error CS1061: 'Z_Phone' does not contain a definition for 'Z_PhoneId' and no accessible extension method 'Z_PhoneId' accepting a first argument of type 'Z_Phone' could be found (are you missing a using directive or an assembly reference?) [C:\Projects\xPort5.2025\xPort5.EF6\xPort5.EF6.csproj]
  C:\Projects\xPort5.2025\xPort5.EF6\Z_Phone.Compatibility.cs(187,60): error CS1503: Argument 1: cannot convert from 'string' to 'System.Guid' [C:\Projects\xPort5.2025\xPort5.EF6\xPort5.EF6.csproj]
  C:\Projects\xPort5.2025\xPort5.EF6\OrderQTItems.Compatibility.cs(103,30): error CS1061: 'OrderQTItems' does not contain a definition for 'OrderQTItemsId' and no accessible extension method 'OrderQTItemsId' accepting a first argument of type 'OrderQTItems' could be found (are you missing a using directive or an assembly reference?) [C:\Projects\xPort5.2025\xPort5.EF6\xPort5.EF6.csproj]
  C:\Projects\xPort5.2025\xPort5.EF6\OrderQTItems.Compatibility.cs(105,30): error CS1061: 'OrderQTItems' does not contain a definition for 'OrderQTItemsId' and no accessible extension method 'OrderQTItemsId' accepting a first argument of type 'OrderQTItems' could be found (are you missing a using directive or an assembly reference?) [C:\Projects\xPort5.2025\xPort5.EF6\xPort5.EF6.csproj]
  C:\Projects\xPort5.2025\xPort5.EF6\OrderQTItems.Compatibility.cs(108,41): error CS1061: 'OrderQTItems' does not contain a definition for 'OrderQTItemsId' and no accessible extension method 'OrderQTItemsId' accepting a first argument of type 'OrderQTItems' could be found (are you missing a using directive or an assembly reference?) [C:\Projects\xPort5.2025\xPort5.EF6\xPort5.EF6.csproj]
  C:\Projects\xPort5.2025\xPort5.EF6\OrderQTItems.Compatibility.cs(112,46): error CS1061: 'OrderQTItems' does not contain a definition for 'OrderQTItemsId' and no accessible extension method 'OrderQTItemsId' accepting a first argument of type 'OrderQTItems' could be found (are you missing a using directive or an assembly reference?) [C:\Projects\xPort5.2025\xPort5.EF6\xPort5.EF6.csproj]
  C:\Projects\xPort5.2025\xPort5.EF6\OrderQTItems.Compatibility.cs(116,45): error CS1061: 'OrderQTItems' does not contain a definition for 'OrderQTItemsId' and no accessible extension method 'OrderQTItemsId' accepting a first argument of type 'OrderQTItems' could be found (are you missing a using directive or an assembly reference?) [C:\Projects\xPort5.2025\xPort5.EF6\xPort5.EF6.csproj]
  C:\Projects\xPort5.2025\xPort5.EF6\OrderQTItems.Compatibility.cs(129,25): error CS1061: 'OrderQTItems' does not contain a definition for 'OrderQTItemsId' and no accessible extension method 'OrderQTItemsId' accepting a first argument of type 'OrderQTItems' could be found (are you missing a using directive or an assembly reference?) [C:\Projects\xPort5.2025\xPort5.EF6\xPort5.EF6.csproj]
  C:\Projects\xPort5.2025\xPort5.EF6\T_BarCode.Compatibility.cs(187,71): error CS1061: 'T_BarCode' does not contain a definition for 'BarCodeId' and no accessible extension method 'BarCodeId' accepting a first argument of type 'T_BarCode' could be found (are you missing a using directive or an assembly reference?) [C:\Projects\xPort5.2025\xPort5.EF6\xPort5.EF6.csproj]
  C:\Projects\xPort5.2025\xPort5.EF6\T_BarCode.Compatibility.cs(187,60): error CS1503: Argument 1: cannot convert from 'string' to 'System.Guid' [C:\Projects\xPort5.2025\xPort5.EF6\xPort5.EF6.csproj]
  C:\Projects\xPort5.2025\xPort5.EF6\OrderQTItems.Compatibility.cs(187,71): error CS1061: 'OrderQTItems' does not contain a definition for 'OrderQTItemsId' and no accessible extension method 'OrderQTItemsId' accepting a first argument of type 'OrderQTItems' could be found (are you missing a using directive or an assembly reference?) [C:\Projects\xPort5.2025\xPort5.EF6\xPort5.EF6.csproj]
  C:\Projects\xPort5.2025\xPort5.EF6\OrderQTItems.Compatibility.cs(187,60): error CS1503: Argument 1: cannot convert from 'string' to 'System.Guid' [C:\Projects\xPort5.2025\xPort5.EF6\xPort5.EF6.csproj]
  C:\Projects\xPort5.2025\xPort5.EF6\Z_JobTitle.Compatibility.cs(28,50): error CS1061: 'Z_JobTitle' does not contain a definition for 'Z_JobTitleId' and no accessible extension method 'Z_JobTitleId' accepting a first argument of type 'Z_JobTitle' could be found (are you missing a using directive or an assembly reference?) [C:\Projects\xPort5.2025\xPort5.EF6\xPort5.EF6.csproj]
  C:\Projects\xPort5.2025\xPort5.EF6\Z_JobTitle.Compatibility.cs(41,50): error CS1061: 'Z_JobTitle' does not contain a definition for 'Z_JobTitleId' and no accessible extension method 'Z_JobTitleId' accepting a first argument of type 'Z_JobTitle' could be found (are you missing a using directive or an assembly reference?) [C:\Projects\xPort5.2025\xPort5.EF6\xPort5.EF6.csproj]
  C:\Projects\xPort5.2025\xPort5.EF6\Z_JobTitle.Compatibility.cs(103,30): error CS1061: 'Z_JobTitle' does not contain a definition for 'Z_JobTitleId' and no accessible extension method 'Z_JobTitleId' accepting a first argument of type 'Z_JobTitle' could be found (are you missing a using directive or an assembly reference?) [C:\Projects\xPort5.2025\xPort5.EF6\xPort5.EF6.csproj]
  C:\Projects\xPort5.2025\xPort5.EF6\Z_JobTitle.Compatibility.cs(105,30): error CS1061: 'Z_JobTitle' does not contain a definition for 'Z_JobTitleId' and no accessible extension method 'Z_JobTitleId' accepting a first argument of type 'Z_JobTitle' could be found (are you missing a using directive or an assembly reference?) [C:\Projects\xPort5.2025\xPort5.EF6\xPort5.EF6.csproj]
  C:\Projects\xPort5.2025\xPort5.EF6\Z_JobTitle.Compatibility.cs(108,41): error CS1061: 'Z_JobTitle' does not contain a definition for 'Z_JobTitleId' and no accessible extension method 'Z_JobTitleId' accepting a first argument of type 'Z_JobTitle' could be found (are you missing a using directive or an assembly reference?) [C:\Projects\xPort5.2025\xPort5.EF6\xPort5.EF6.csproj]
  C:\Projects\xPort5.2025\xPort5.EF6\Z_JobTitle.Compatibility.cs(112,46): error CS1061: 'Z_JobTitle' does not contain a definition for 'Z_JobTitleId' and no accessible extension method 'Z_JobTitleId' accepting a first argument of type 'Z_JobTitle' could be found (are you missing a using directive or an assembly reference?) [C:\Projects\xPort5.2025\xPort5.EF6\xPort5.EF6.csproj]
  C:\Projects\xPort5.2025\xPort5.EF6\Z_JobTitle.Compatibility.cs(116,45): error CS1061: 'Z_JobTitle' does not contain a definition for 'Z_JobTitleId' and no accessible extension method 'Z_JobTitleId' accepting a first argument of type 'Z_JobTitle' could be found (are you missing a using directive or an assembly reference?) [C:\Projects\xPort5.2025\xPort5.EF6\xPort5.EF6.csproj]
  C:\Projects\xPort5.2025\xPort5.EF6\Z_JobTitle.Compatibility.cs(129,25): error CS1061: 'Z_JobTitle' does not contain a definition for 'Z_JobTitleId' and no accessible extension method 'Z_JobTitleId' accepting a first argument of type 'Z_JobTitle' could be found (are you missing a using directive or an assembly reference?) [C:\Projects\xPort5.2025\xPort5.EF6\xPort5.EF6.csproj]
  C:\Projects\xPort5.2025\xPort5.EF6\Z_JobTitle.Compatibility.cs(187,71): error CS1061: 'Z_JobTitle' does not contain a definition for 'Z_JobTitleId' and no accessible extension method 'Z_JobTitleId' accepting a first argument of type 'Z_JobTitle' could be found (are you missing a using directive or an assembly reference?) [C:\Projects\xPort5.2025\xPort5.EF6\xPort5.EF6.csproj]
  C:\Projects\xPort5.2025\xPort5.EF6\Z_JobTitle.Compatibility.cs(187,60): error CS1503: Argument 1: cannot convert from 'string' to 'System.Guid' [C:\Projects\xPort5.2025\xPort5.EF6\xPort5.EF6.csproj]
  C:\Projects\xPort5.2025\xPort5.EF6\Z_Email.Compatibility.cs(28,50): error CS1061: 'Z_Email' does not contain a definition for 'Z_EmailId' and no accessible extension method 'Z_EmailId' accepting a first argument of type 'Z_Email' could be found (are you missing a using directive or an assembly reference?) [C:\Projects\xPort5.2025\xPort5.EF6\xPort5.EF6.csproj]
  C:\Projects\xPort5.2025\xPort5.EF6\Z_Email.Compatibility.cs(41,50): error CS1061: 'Z_Email' does not contain a definition for 'Z_EmailId' and no accessible extension method 'Z_EmailId' accepting a first argument of type 'Z_Email' could be found (are you missing a using directive or an assembly reference?) [C:\Projects\xPort5.2025\xPort5.EF6\xPort5.EF6.csproj]
  C:\Projects\xPort5.2025\xPort5.EF6\T_PaymentTerms.Compatibility.cs(28,50): error CS1061: 'T_PaymentTerms' does not contain a definition for 'PaymentTermsId' and no accessible extension method 'PaymentTermsId' accepting a first argument of type 'T_PaymentTerms' could be found (are you missing a using directive or an assembly reference?) [C:\Projects\xPort5.2025\xPort5.EF6\xPort5.EF6.csproj]
  C:\Projects\xPort5.2025\xPort5.EF6\T_PaymentTerms.Compatibility.cs(41,50): error CS1061: 'T_PaymentTerms' does not contain a definition for 'PaymentTermsId' and no accessible extension method 'PaymentTermsId' accepting a first argument of type 'T_PaymentTerms' could be found (are you missing a using directive or an assembly reference?) [C:\Projects\xPort5.2025\xPort5.EF6\xPort5.EF6.csproj]
  C:\Projects\xPort5.2025\xPort5.EF6\T_PaymentTerms.Compatibility.cs(103,30): error CS1061: 'T_PaymentTerms' does not contain a definition for 'PaymentTermsId' and no accessible extension method 'PaymentTermsId' accepting a first argument of type 'T_PaymentTerms' could be found (are you missing a using directive or an assembly reference?) [C:\Projects\xPort5.2025\xPort5.EF6\xPort5.EF6.csproj]
  C:\Projects\xPort5.2025\xPort5.EF6\T_PaymentTerms.Compatibility.cs(105,30): error CS1061: 'T_PaymentTerms' does not contain a definition for 'PaymentTermsId' and no accessible extension method 'PaymentTermsId' accepting a first argument of type 'T_PaymentTerms' could be found (are you missing a using directive or an assembly reference?) [C:\Projects\xPort5.2025\xPort5.EF6\xPort5.EF6.csproj]
  C:\Projects\xPort5.2025\xPort5.EF6\T_PaymentTerms.Compatibility.cs(108,41): error CS1061: 'T_PaymentTerms' does not contain a definition for 'PaymentTermsId' and no accessible extension method 'PaymentTermsId' accepting a first argument of type 'T_PaymentTerms' could be found (are you missing a using directive or an assembly reference?) [C:\Projects\xPort5.2025\xPort5.EF6\xPort5.EF6.csproj]
  C:\Projects\xPort5.2025\xPort5.EF6\T_PaymentTerms.Compatibility.cs(112,46): error CS1061: 'T_PaymentTerms' does not contain a definition for 'PaymentTermsId' and no accessible extension method 'PaymentTermsId' accepting a first argument of type 'T_PaymentTerms' could be found (are you missing a using directive or an assembly reference?) [C:\Projects\xPort5.2025\xPort5.EF6\xPort5.EF6.csproj]
  C:\Projects\xPort5.2025\xPort5.EF6\T_PaymentTerms.Compatibility.cs(116,45): error CS1061: 'T_PaymentTerms' does not contain a definition for 'PaymentTermsId' and no accessible extension method 'PaymentTermsId' accepting a first argument of type 'T_PaymentTerms' could be found (are you missing a using directive or an assembly reference?) [C:\Projects\xPort5.2025\xPort5.EF6\xPort5.EF6.csproj]
  C:\Projects\xPort5.2025\xPort5.EF6\Z_Email.Compatibility.cs(103,30): error CS1061: 'Z_Email' does not contain a definition for 'Z_EmailId' and no accessible extension method 'Z_EmailId' accepting a first argument of type 'Z_Email' could be found (are you missing a using directive or an assembly reference?) [C:\Projects\xPort5.2025\xPort5.EF6\xPort5.EF6.csproj]
  C:\Projects\xPort5.2025\xPort5.EF6\Z_Email.Compatibility.cs(105,30): error CS1061: 'Z_Email' does not contain a definition for 'Z_EmailId' and no accessible extension method 'Z_EmailId' accepting a first argument of type 'Z_Email' could be found (are you missing a using directive or an assembly reference?) [C:\Projects\xPort5.2025\xPort5.EF6\xPort5.EF6.csproj]
  C:\Projects\xPort5.2025\xPort5.EF6\Z_Email.Compatibility.cs(108,41): error CS1061: 'Z_Email' does not contain a definition for 'Z_EmailId' and no accessible extension method 'Z_EmailId' accepting a first argument of type 'Z_Email' could be found (are you missing a using directive or an assembly reference?) [C:\Projects\xPort5.2025\xPort5.EF6\xPort5.EF6.csproj]
  C:\Projects\xPort5.2025\xPort5.EF6\Z_Email.Compatibility.cs(112,46): error CS1061: 'Z_Email' does not contain a definition for 'Z_EmailId' and no accessible extension method 'Z_EmailId' accepting a first argument of type 'Z_Email' could be found (are you missing a using directive or an assembly reference?) [C:\Projects\xPort5.2025\xPort5.EF6\xPort5.EF6.csproj]
  C:\Projects\xPort5.2025\xPort5.EF6\Z_Email.Compatibility.cs(116,45): error CS1061: 'Z_Email' does not contain a definition for 'Z_EmailId' and no accessible extension method 'Z_EmailId' accepting a first argument of type 'Z_Email' could be found (are you missing a using directive or an assembly reference?) [C:\Projects\xPort5.2025\xPort5.EF6\xPort5.EF6.csproj]
  C:\Projects\xPort5.2025\xPort5.EF6\T_PaymentTerms.Compatibility.cs(129,25): error CS1061: 'T_PaymentTerms' does not contain a definition for 'PaymentTermsId' and no accessible extension method 'PaymentTermsId' accepting a first argument of type 'T_PaymentTerms' could be found (are you missing a using directive or an assembly reference?) [C:\Projects\xPort5.2025\xPort5.EF6\xPort5.EF6.csproj]
  C:\Projects\xPort5.2025\xPort5.EF6\Z_Email.Compatibility.cs(129,25): error CS1061: 'Z_Email' does not contain a definition for 'Z_EmailId' and no accessible extension method 'Z_EmailId' accepting a first argument of type 'Z_Email' could be found (are you missing a using directive or an assembly reference?) [C:\Projects\xPort5.2025\xPort5.EF6\xPort5.EF6.csproj]
  C:\Projects\xPort5.2025\xPort5.EF6\T_PaymentTerms.Compatibility.cs(187,71): error CS1061: 'T_PaymentTerms' does not contain a definition for 'PaymentTermsId' and no accessible extension method 'PaymentTermsId' accepting a first argument of type 'T_PaymentTerms' could be found (are you missing a using directive or an assembly reference?) [C:\Projects\xPort5.2025\xPort5.EF6\xPort5.EF6.csproj]
  C:\Projects\xPort5.2025\xPort5.EF6\T_PaymentTerms.Compatibility.cs(187,60): error CS1503: Argument 1: cannot convert from 'string' to 'System.Guid' [C:\Projects\xPort5.2025\xPort5.EF6\xPort5.EF6.csproj]
  C:\Projects\xPort5.2025\xPort5.EF6\T_Remarks.Compatibility.cs(28,50): error CS1061: 'T_Remarks' does not contain a definition for 'RemarksId' and no accessible extension method 'RemarksId' accepting a first argument of type 'T_Remarks' could be found (are you missing a using directive or an assembly reference?) [C:\Projects\xPort5.2025\xPort5.EF6\xPort5.EF6.csproj]
  C:\Projects\xPort5.2025\xPort5.EF6\Z_Email.Compatibility.cs(187,71): error CS1061: 'Z_Email' does not contain a definition for 'Z_EmailId' and no accessible extension method 'Z_EmailId' accepting a first argument of type 'Z_Email' could be found (are you missing a using directive or an assembly reference?) [C:\Projects\xPort5.2025\xPort5.EF6\xPort5.EF6.csproj]
  C:\Projects\xPort5.2025\xPort5.EF6\Z_Email.Compatibility.cs(187,60): error CS1503: Argument 1: cannot convert from 'string' to 'System.Guid' [C:\Projects\xPort5.2025\xPort5.EF6\xPort5.EF6.csproj]
  C:\Projects\xPort5.2025\xPort5.EF6\T_Remarks.Compatibility.cs(41,50): error CS1061: 'T_Remarks' does not contain a definition for 'RemarksId' and no accessible extension method 'RemarksId' accepting a first argument of type 'T_Remarks' could be found (are you missing a using directive or an assembly reference?) [C:\Projects\xPort5.2025\xPort5.EF6\xPort5.EF6.csproj]
  C:\Projects\xPort5.2025\xPort5.EF6\T_UnitOfMeasures.Compatibility.cs(28,50): error CS1061: 'T_UnitOfMeasures' does not contain a definition for 'UnitOfMeasuresId' and no accessible extension method 'UnitOfMeasuresId' accepting a first argument of type 'T_UnitOfMeasures' could be found (are you missing a using directive or an assembly reference?) [C:\Projects\xPort5.2025\xPort5.EF6\xPort5.EF6.csproj]
  C:\Projects\xPort5.2025\xPort5.EF6\T_UnitOfMeasures.Compatibility.cs(41,50): error CS1061: 'T_UnitOfMeasures' does not contain a definition for 'UnitOfMeasuresId' and no accessible extension method 'UnitOfMeasuresId' accepting a first argument of type 'T_UnitOfMeasures' could be found (are you missing a using directive or an assembly reference?) [C:\Projects\xPort5.2025\xPort5.EF6\xPort5.EF6.csproj]
  C:\Projects\xPort5.2025\xPort5.EF6\UserProfile.Compatibility.cs(28,50): error CS1061: 'UserProfile' does not contain a definition for 'UserProfileId' and no accessible extension method 'UserProfileId' accepting a first argument of type 'UserProfile' could be found (are you missing a using directive or an assembly reference?) [C:\Projects\xPort5.2025\xPort5.EF6\xPort5.EF6.csproj]
  C:\Projects\xPort5.2025\xPort5.EF6\UserDisplayPreference.Compatibility.cs(28,50): error CS1061: 'UserDisplayPreference' does not contain a definition for 'UserDisplayPreferenceId' and no accessible extension method 'UserDisplayPreferenceId' accepting a first argument of type 'UserDisplayPreference' could be found (are you missing a using directive or an assembly reference?) [C:\Projects\xPort5.2025\xPort5.EF6\xPort5.EF6.csproj]
  C:\Projects\xPort5.2025\xPort5.EF6\UserProfile.Compatibility.cs(41,50): error CS1061: 'UserProfile' does not contain a definition for 'UserProfileId' and no accessible extension method 'UserProfileId' accepting a first argument of type 'UserProfile' could be found (are you missing a using directive or an assembly reference?) [C:\Projects\xPort5.2025\xPort5.EF6\xPort5.EF6.csproj]
  C:\Projects\xPort5.2025\xPort5.EF6\T_Remarks.Compatibility.cs(103,30): error CS1061: 'T_Remarks' does not contain a definition for 'RemarksId' and no accessible extension method 'RemarksId' accepting a first argument of type 'T_Remarks' could be found (are you missing a using directive or an assembly reference?) [C:\Projects\xPort5.2025\xPort5.EF6\xPort5.EF6.csproj]
  C:\Projects\xPort5.2025\xPort5.EF6\T_Remarks.Compatibility.cs(105,30): error CS1061: 'T_Remarks' does not contain a definition for 'RemarksId' and no accessible extension method 'RemarksId' accepting a first argument of type 'T_Remarks' could be found (are you missing a using directive or an assembly reference?) [C:\Projects\xPort5.2025\xPort5.EF6\xPort5.EF6.csproj]
  C:\Projects\xPort5.2025\xPort5.EF6\T_Remarks.Compatibility.cs(108,41): error CS1061: 'T_Remarks' does not contain a definition for 'RemarksId' and no accessible extension method 'RemarksId' accepting a first argument of type 'T_Remarks' could be found (are you missing a using directive or an assembly reference?) [C:\Projects\xPort5.2025\xPort5.EF6\xPort5.EF6.csproj]
  C:\Projects\xPort5.2025\xPort5.EF6\T_Remarks.Compatibility.cs(112,46): error CS1061: 'T_Remarks' does not contain a definition for 'RemarksId' and no accessible extension method 'RemarksId' accepting a first argument of type 'T_Remarks' could be found (are you missing a using directive or an assembly reference?) [C:\Projects\xPort5.2025\xPort5.EF6\xPort5.EF6.csproj]
  C:\Projects\xPort5.2025\xPort5.EF6\T_Remarks.Compatibility.cs(116,45): error CS1061: 'T_Remarks' does not contain a definition for 'RemarksId' and no accessible extension method 'RemarksId' accepting a first argument of type 'T_Remarks' could be found (are you missing a using directive or an assembly reference?) [C:\Projects\xPort5.2025\xPort5.EF6\xPort5.EF6.csproj]
  C:\Projects\xPort5.2025\xPort5.EF6\T_Remarks.Compatibility.cs(129,25): error CS1061: 'T_Remarks' does not contain a definition for 'RemarksId' and no accessible extension method 'RemarksId' accepting a first argument of type 'T_Remarks' could be found (are you missing a using directive or an assembly reference?) [C:\Projects\xPort5.2025\xPort5.EF6\xPort5.EF6.csproj]
  C:\Projects\xPort5.2025\xPort5.EF6\UserDisplayPreference.Compatibility.cs(41,50): error CS1061: 'UserDisplayPreference' does not contain a definition for 'UserDisplayPreferenceId' and no accessible extension method 'UserDisplayPreferenceId' accepting a first argument of type 'UserDisplayPreference' could be found (are you missing a using directive or an assembly reference?) [C:\Projects\xPort5.2025\xPort5.EF6\xPort5.EF6.csproj]
  C:\Projects\xPort5.2025\xPort5.EF6\T_UnitOfMeasures.Compatibility.cs(103,30): error CS1061: 'T_UnitOfMeasures' does not contain a definition for 'UnitOfMeasuresId' and no accessible extension method 'UnitOfMeasuresId' accepting a first argument of type 'T_UnitOfMeasures' could be found (are you missing a using directive or an assembly reference?) [C:\Projects\xPort5.2025\xPort5.EF6\xPort5.EF6.csproj]
  C:\Projects\xPort5.2025\xPort5.EF6\T_UnitOfMeasures.Compatibility.cs(105,30): error CS1061: 'T_UnitOfMeasures' does not contain a definition for 'UnitOfMeasuresId' and no accessible extension method 'UnitOfMeasuresId' accepting a first argument of type 'T_UnitOfMeasures' could be found (are you missing a using directive or an assembly reference?) [C:\Projects\xPort5.2025\xPort5.EF6\xPort5.EF6.csproj]
  C:\Projects\xPort5.2025\xPort5.EF6\T_UnitOfMeasures.Compatibility.cs(108,41): error CS1061: 'T_UnitOfMeasures' does not contain a definition for 'UnitOfMeasuresId' and no accessible extension method 'UnitOfMeasuresId' accepting a first argument of type 'T_UnitOfMeasures' could be found (are you missing a using directive or an assembly reference?) [C:\Projects\xPort5.2025\xPort5.EF6\xPort5.EF6.csproj]
  C:\Projects\xPort5.2025\xPort5.EF6\T_UnitOfMeasures.Compatibility.cs(112,46): error CS1061: 'T_UnitOfMeasures' does not contain a definition for 'UnitOfMeasuresId' and no accessible extension method 'UnitOfMeasuresId' accepting a first argument of type 'T_UnitOfMeasures' could be found (are you missing a using directive or an assembly reference?) [C:\Projects\xPort5.2025\xPort5.EF6\xPort5.EF6.csproj]
  C:\Projects\xPort5.2025\xPort5.EF6\T_UnitOfMeasures.Compatibility.cs(116,45): error CS1061: 'T_UnitOfMeasures' does not contain a definition for 'UnitOfMeasuresId' and no accessible extension method 'UnitOfMeasuresId' accepting a first argument of type 'T_UnitOfMeasures' could be found (are you missing a using directive or an assembly reference?) [C:\Projects\xPort5.2025\xPort5.EF6\xPort5.EF6.csproj]
  C:\Projects\xPort5.2025\xPort5.EF6\T_UnitOfMeasures.Compatibility.cs(129,25): error CS1061: 'T_UnitOfMeasures' does not contain a definition for 'UnitOfMeasuresId' and no accessible extension method 'UnitOfMeasuresId' accepting a first argument of type 'T_UnitOfMeasures' could be found (are you missing a using directive or an assembly reference?) [C:\Projects\xPort5.2025\xPort5.EF6\xPort5.EF6.csproj]
  C:\Projects\xPort5.2025\xPort5.EF6\T_Remarks.Compatibility.cs(187,71): error CS1061: 'T_Remarks' does not contain a definition for 'RemarksId' and no accessible extension method 'RemarksId' accepting a first argument of type 'T_Remarks' could be found (are you missing a using directive or an assembly reference?) [C:\Projects\xPort5.2025\xPort5.EF6\xPort5.EF6.csproj]
  C:\Projects\xPort5.2025\xPort5.EF6\T_Remarks.Compatibility.cs(187,60): error CS1503: Argument 1: cannot convert from 'string' to 'System.Guid' [C:\Projects\xPort5.2025\xPort5.EF6\xPort5.EF6.csproj]
  C:\Projects\xPort5.2025\xPort5.EF6\X_AppPath.Compatibility.cs(28,50): error CS1061: 'X_AppPath' does not contain a definition for 'X_AppPathId' and no accessible extension method 'X_AppPathId' accepting a first argument of type 'X_AppPath' could be found (are you missing a using directive or an assembly reference?) [C:\Projects\xPort5.2025\xPort5.EF6\xPort5.EF6.csproj]
  C:\Projects\xPort5.2025\xPort5.EF6\T_UnitOfMeasures.Compatibility.cs(187,71): error CS1061: 'T_UnitOfMeasures' does not contain a definition for 'UnitOfMeasuresId' and no accessible extension method 'UnitOfMeasuresId' accepting a first argument of type 'T_UnitOfMeasures' could be found (are you missing a using directive or an assembly reference?) [C:\Projects\xPort5.2025\xPort5.EF6\xPort5.EF6.csproj]
  C:\Projects\xPort5.2025\xPort5.EF6\T_UnitOfMeasures.Compatibility.cs(187,60): error CS1503: Argument 1: cannot convert from 'string' to 'System.Guid' [C:\Projects\xPort5.2025\xPort5.EF6\xPort5.EF6.csproj]
  C:\Projects\xPort5.2025\xPort5.EF6\Z_Address.Compatibility.cs(28,50): error CS1061: 'Z_Address' does not contain a definition for 'Z_AddressId' and no accessible extension method 'Z_AddressId' accepting a first argument of type 'Z_Address' could be found (are you missing a using directive or an assembly reference?) [C:\Projects\xPort5.2025\xPort5.EF6\xPort5.EF6.csproj]
  C:\Projects\xPort5.2025\xPort5.EF6\UserProfile.Compatibility.cs(103,30): error CS1061: 'UserProfile' does not contain a definition for 'UserProfileId' and no accessible extension method 'UserProfileId' accepting a first argument of type 'UserProfile' could be found (are you missing a using directive or an assembly reference?) [C:\Projects\xPort5.2025\xPort5.EF6\xPort5.EF6.csproj]
  C:\Projects\xPort5.2025\xPort5.EF6\UserProfile.Compatibility.cs(105,30): error CS1061: 'UserProfile' does not contain a definition for 'UserProfileId' and no accessible extension method 'UserProfileId' accepting a first argument of type 'UserProfile' could be found (are you missing a using directive or an assembly reference?) [C:\Projects\xPort5.2025\xPort5.EF6\xPort5.EF6.csproj]
  C:\Projects\xPort5.2025\xPort5.EF6\UserProfile.Compatibility.cs(108,41): error CS1061: 'UserProfile' does not contain a definition for 'UserProfileId' and no accessible extension method 'UserProfileId' accepting a first argument of type 'UserProfile' could be found (are you missing a using directive or an assembly reference?) [C:\Projects\xPort5.2025\xPort5.EF6\xPort5.EF6.csproj]
  C:\Projects\xPort5.2025\xPort5.EF6\UserProfile.Compatibility.cs(112,46): error CS1061: 'UserProfile' does not contain a definition for 'UserProfileId' and no accessible extension method 'UserProfileId' accepting a first argument of type 'UserProfile' could be found (are you missing a using directive or an assembly reference?) [C:\Projects\xPort5.2025\xPort5.EF6\xPort5.EF6.csproj]
  C:\Projects\xPort5.2025\xPort5.EF6\UserProfile.Compatibility.cs(116,45): error CS1061: 'UserProfile' does not contain a definition for 'UserProfileId' and no accessible extension method 'UserProfileId' accepting a first argument of type 'UserProfile' could be found (are you missing a using directive or an assembly reference?) [C:\Projects\xPort5.2025\xPort5.EF6\xPort5.EF6.csproj]
  C:\Projects\xPort5.2025\xPort5.EF6\UserProfile.Compatibility.cs(129,25): error CS1061: 'UserProfile' does not contain a definition for 'UserProfileId' and no accessible extension method 'UserProfileId' accepting a first argument of type 'UserProfile' could be found (are you missing a using directive or an assembly reference?) [C:\Projects\xPort5.2025\xPort5.EF6\xPort5.EF6.csproj]
  C:\Projects\xPort5.2025\xPort5.EF6\X_Counter.Compatibility.cs(28,50): error CS1061: 'X_Counter' does not contain a definition for 'X_CounterId' and no accessible extension method 'X_CounterId' accepting a first argument of type 'X_Counter' could be found (are you missing a using directive or an assembly reference?) [C:\Projects\xPort5.2025\xPort5.EF6\xPort5.EF6.csproj]
  C:\Projects\xPort5.2025\xPort5.EF6\Z_Address.Compatibility.cs(41,50): error CS1061: 'Z_Address' does not contain a definition for 'Z_AddressId' and no accessible extension method 'Z_AddressId' accepting a first argument of type 'Z_Address' could be found (are you missing a using directive or an assembly reference?) [C:\Projects\xPort5.2025\xPort5.EF6\xPort5.EF6.csproj]
  C:\Projects\xPort5.2025\xPort5.EF6\X_Counter.Compatibility.cs(41,50): error CS1061: 'X_Counter' does not contain a definition for 'X_CounterId' and no accessible extension method 'X_CounterId' accepting a first argument of type 'X_Counter' could be found (are you missing a using directive or an assembly reference?) [C:\Projects\xPort5.2025\xPort5.EF6\xPort5.EF6.csproj]
  C:\Projects\xPort5.2025\xPort5.EF6\X_ErrorLog.Compatibility.cs(28,50): error CS1061: 'X_ErrorLog' does not contain a definition for 'X_ErrorLogId' and no accessible extension method 'X_ErrorLogId' accepting a first argument of type 'X_ErrorLog' could be found (are you missing a using directive or an assembly reference?) [C:\Projects\xPort5.2025\xPort5.EF6\xPort5.EF6.csproj]
  C:\Projects\xPort5.2025\xPort5.EF6\X_ErrorLog.Compatibility.cs(41,50): error CS1061: 'X_ErrorLog' does not contain a definition for 'X_ErrorLogId' and no accessible extension method 'X_ErrorLogId' accepting a first argument of type 'X_ErrorLog' could be found (are you missing a using directive or an assembly reference?) [C:\Projects\xPort5.2025\xPort5.EF6\xPort5.EF6.csproj]
  C:\Projects\xPort5.2025\xPort5.EF6\X_EventLog.Compatibility.cs(28,50): error CS1061: 'X_EventLog' does not contain a definition for 'X_EventLogId' and no accessible extension method 'X_EventLogId' accepting a first argument of type 'X_EventLog' could be found (are you missing a using directive or an assembly reference?) [C:\Projects\xPort5.2025\xPort5.EF6\xPort5.EF6.csproj]
  C:\Projects\xPort5.2025\xPort5.EF6\X_EventLog.Compatibility.cs(41,50): error CS1061: 'X_EventLog' does not contain a definition for 'X_EventLogId' and no accessible extension method 'X_EventLogId' accepting a first argument of type 'X_EventLog' could be found (are you missing a using directive or an assembly reference?) [C:\Projects\xPort5.2025\xPort5.EF6\xPort5.EF6.csproj]
  C:\Projects\xPort5.2025\xPort5.EF6\Z_Address.Compatibility.cs(103,30): error CS1061: 'Z_Address' does not contain a definition for 'Z_AddressId' and no accessible extension method 'Z_AddressId' accepting a first argument of type 'Z_Address' could be found (are you missing a using directive or an assembly reference?) [C:\Projects\xPort5.2025\xPort5.EF6\xPort5.EF6.csproj]
  C:\Projects\xPort5.2025\xPort5.EF6\Z_Address.Compatibility.cs(105,30): error CS1061: 'Z_Address' does not contain a definition for 'Z_AddressId' and no accessible extension method 'Z_AddressId' accepting a first argument of type 'Z_Address' could be found (are you missing a using directive or an assembly reference?) [C:\Projects\xPort5.2025\xPort5.EF6\xPort5.EF6.csproj]
  C:\Projects\xPort5.2025\xPort5.EF6\Z_Address.Compatibility.cs(108,41): error CS1061: 'Z_Address' does not contain a definition for 'Z_AddressId' and no accessible extension method 'Z_AddressId' accepting a first argument of type 'Z_Address' could be found (are you missing a using directive or an assembly reference?) [C:\Projects\xPort5.2025\xPort5.EF6\xPort5.EF6.csproj]
  C:\Projects\xPort5.2025\xPort5.EF6\Z_Address.Compatibility.cs(112,46): error CS1061: 'Z_Address' does not contain a definition for 'Z_AddressId' and no accessible extension method 'Z_AddressId' accepting a first argument of type 'Z_Address' could be found (are you missing a using directive or an assembly reference?) [C:\Projects\xPort5.2025\xPort5.EF6\xPort5.EF6.csproj]
  C:\Projects\xPort5.2025\xPort5.EF6\Z_Address.Compatibility.cs(116,45): error CS1061: 'Z_Address' does not contain a definition for 'Z_AddressId' and no accessible extension method 'Z_AddressId' accepting a first argument of type 'Z_Address' could be found (are you missing a using directive or an assembly reference?) [C:\Projects\xPort5.2025\xPort5.EF6\xPort5.EF6.csproj]
  C:\Projects\xPort5.2025\xPort5.EF6\Z_Address.Compatibility.cs(129,25): error CS1061: 'Z_Address' does not contain a definition for 'Z_AddressId' and no accessible extension method 'Z_AddressId' accepting a first argument of type 'Z_Address' could be found (are you missing a using directive or an assembly reference?) [C:\Projects\xPort5.2025\xPort5.EF6\xPort5.EF6.csproj]
  C:\Projects\xPort5.2025\xPort5.EF6\UserDisplayPreference.Compatibility.cs(103,30): error CS1061: 'UserDisplayPreference' does not contain a definition for 'UserDisplayPreferenceId' and no accessible extension method 'UserDisplayPreferenceId' accepting a first argument of type 'UserDisplayPreference' could be found (are you missing a using directive or an assembly reference?) [C:\Projects\xPort5.2025\xPort5.EF6\xPort5.EF6.csproj]
  C:\Projects\xPort5.2025\xPort5.EF6\UserDisplayPreference.Compatibility.cs(105,30): error CS1061: 'UserDisplayPreference' does not contain a definition for 'UserDisplayPreferenceId' and no accessible extension method 'UserDisplayPreferenceId' accepting a first argument of type 'UserDisplayPreference' could be found (are you missing a using directive or an assembly reference?) [C:\Projects\xPort5.2025\xPort5.EF6\xPort5.EF6.csproj]
  C:\Projects\xPort5.2025\xPort5.EF6\UserDisplayPreference.Compatibility.cs(108,41): error CS1061: 'UserDisplayPreference' does not contain a definition for 'UserDisplayPreferenceId' and no accessible extension method 'UserDisplayPreferenceId' accepting a first argument of type 'UserDisplayPreference' could be found (are you missing a using directive or an assembly reference?) [C:\Projects\xPort5.2025\xPort5.EF6\xPort5.EF6.csproj]
  C:\Projects\xPort5.2025\xPort5.EF6\UserDisplayPreference.Compatibility.cs(112,46): error CS1061: 'UserDisplayPreference' does not contain a definition for 'UserDisplayPreferenceId' and no accessible extension method 'UserDisplayPreferenceId' accepting a first argument of type 'UserDisplayPreference' could be found (are you missing a using directive or an assembly reference?) [C:\Projects\xPort5.2025\xPort5.EF6\xPort5.EF6.csproj]
  C:\Projects\xPort5.2025\xPort5.EF6\UserDisplayPreference.Compatibility.cs(116,45): error CS1061: 'UserDisplayPreference' does not contain a definition for 'UserDisplayPreferenceId' and no accessible extension method 'UserDisplayPreferenceId' accepting a first argument of type 'UserDisplayPreference' could be found (are you missing a using directive or an assembly reference?) [C:\Projects\xPort5.2025\xPort5.EF6\xPort5.EF6.csproj]
  C:\Projects\xPort5.2025\xPort5.EF6\UserDisplayPreference.Compatibility.cs(129,25): error CS1061: 'UserDisplayPreference' does not contain a definition for 'UserDisplayPreferenceId' and no accessible extension method 'UserDisplayPreferenceId' accepting a first argument of type 'UserDisplayPreference' could be found (are you missing a using directive or an assembly reference?) [C:\Projects\xPort5.2025\xPort5.EF6\xPort5.EF6.csproj]
  C:\Projects\xPort5.2025\xPort5.EF6\X_ErrorLog.Compatibility.cs(103,30): error CS1061: 'X_ErrorLog' does not contain a definition for 'X_ErrorLogId' and no accessible extension method 'X_ErrorLogId' accepting a first argument of type 'X_ErrorLog' could be found (are you missing a using directive or an assembly reference?) [C:\Projects\xPort5.2025\xPort5.EF6\xPort5.EF6.csproj]
  C:\Projects\xPort5.2025\xPort5.EF6\X_ErrorLog.Compatibility.cs(105,30): error CS1061: 'X_ErrorLog' does not contain a definition for 'X_ErrorLogId' and no accessible extension method 'X_ErrorLogId' accepting a first argument of type 'X_ErrorLog' could be found (are you missing a using directive or an assembly reference?) [C:\Projects\xPort5.2025\xPort5.EF6\xPort5.EF6.csproj]
  C:\Projects\xPort5.2025\xPort5.EF6\X_ErrorLog.Compatibility.cs(108,41): error CS1061: 'X_ErrorLog' does not contain a definition for 'X_ErrorLogId' and no accessible extension method 'X_ErrorLogId' accepting a first argument of type 'X_ErrorLog' could be found (are you missing a using directive or an assembly reference?) [C:\Projects\xPort5.2025\xPort5.EF6\xPort5.EF6.csproj]
  C:\Projects\xPort5.2025\xPort5.EF6\X_ErrorLog.Compatibility.cs(112,46): error CS1061: 'X_ErrorLog' does not contain a definition for 'X_ErrorLogId' and no accessible extension method 'X_ErrorLogId' accepting a first argument of type 'X_ErrorLog' could be found (are you missing a using directive or an assembly reference?) [C:\Projects\xPort5.2025\xPort5.EF6\xPort5.EF6.csproj]
  C:\Projects\xPort5.2025\xPort5.EF6\X_ErrorLog.Compatibility.cs(116,45): error CS1061: 'X_ErrorLog' does not contain a definition for 'X_ErrorLogId' and no accessible extension method 'X_ErrorLogId' accepting a first argument of type 'X_ErrorLog' could be found (are you missing a using directive or an assembly reference?) [C:\Projects\xPort5.2025\xPort5.EF6\xPort5.EF6.csproj]
  C:\Projects\xPort5.2025\xPort5.EF6\X_ErrorLog.Compatibility.cs(129,25): error CS1061: 'X_ErrorLog' does not contain a definition for 'X_ErrorLogId' and no accessible extension method 'X_ErrorLogId' accepting a first argument of type 'X_ErrorLog' could be found (are you missing a using directive or an assembly reference?) [C:\Projects\xPort5.2025\xPort5.EF6\xPort5.EF6.csproj]
  C:\Projects\xPort5.2025\xPort5.EF6\X_AppPath.Compatibility.cs(41,50): error CS1061: 'X_AppPath' does not contain a definition for 'X_AppPathId' and no accessible extension method 'X_AppPathId' accepting a first argument of type 'X_AppPath' could be found (are you missing a using directive or an assembly reference?) [C:\Projects\xPort5.2025\xPort5.EF6\xPort5.EF6.csproj]
  C:\Projects\xPort5.2025\xPort5.EF6\Z_Address.Compatibility.cs(187,71): error CS1061: 'Z_Address' does not contain a definition for 'Z_AddressId' and no accessible extension method 'Z_AddressId' accepting a first argument of type 'Z_Address' could be found (are you missing a using directive or an assembly reference?) [C:\Projects\xPort5.2025\xPort5.EF6\xPort5.EF6.csproj]
  C:\Projects\xPort5.2025\xPort5.EF6\Z_Address.Compatibility.cs(187,60): error CS1503: Argument 1: cannot convert from 'string' to 'System.Guid' [C:\Projects\xPort5.2025\xPort5.EF6\xPort5.EF6.csproj]
  C:\Projects\xPort5.2025\xPort5.EF6\UserProfile.Compatibility.cs(187,71): error CS1061: 'UserProfile' does not contain a definition for 'UserProfileId' and no accessible extension method 'UserProfileId' accepting a first argument of type 'UserProfile' could be found (are you missing a using directive or an assembly reference?) [C:\Projects\xPort5.2025\xPort5.EF6\xPort5.EF6.csproj]
  C:\Projects\xPort5.2025\xPort5.EF6\UserProfile.Compatibility.cs(187,60): error CS1503: Argument 1: cannot convert from 'string' to 'System.Guid' [C:\Projects\xPort5.2025\xPort5.EF6\xPort5.EF6.csproj]
  C:\Projects\xPort5.2025\xPort5.EF6\X_ErrorLog.Compatibility.cs(187,71): error CS1061: 'X_ErrorLog' does not contain a definition for 'X_ErrorLogId' and no accessible extension method 'X_ErrorLogId' accepting a first argument of type 'X_ErrorLog' could be found (are you missing a using directive or an assembly reference?) [C:\Projects\xPort5.2025\xPort5.EF6\xPort5.EF6.csproj]
  C:\Projects\xPort5.2025\xPort5.EF6\X_ErrorLog.Compatibility.cs(187,60): error CS1503: Argument 1: cannot convert from 'string' to 'System.Guid' [C:\Projects\xPort5.2025\xPort5.EF6\xPort5.EF6.csproj]
  C:\Projects\xPort5.2025\xPort5.EF6\X_Counter.Compatibility.cs(103,30): error CS1061: 'X_Counter' does not contain a definition for 'X_CounterId' and no accessible extension method 'X_CounterId' accepting a first argument of type 'X_Counter' could be found (are you missing a using directive or an assembly reference?) [C:\Projects\xPort5.2025\xPort5.EF6\xPort5.EF6.csproj]
  C:\Projects\xPort5.2025\xPort5.EF6\X_Counter.Compatibility.cs(105,30): error CS1061: 'X_Counter' does not contain a definition for 'X_CounterId' and no accessible extension method 'X_CounterId' accepting a first argument of type 'X_Counter' could be found (are you missing a using directive or an assembly reference?) [C:\Projects\xPort5.2025\xPort5.EF6\xPort5.EF6.csproj]
  C:\Projects\xPort5.2025\xPort5.EF6\X_Counter.Compatibility.cs(108,41): error CS1061: 'X_Counter' does not contain a definition for 'X_CounterId' and no accessible extension method 'X_CounterId' accepting a first argument of type 'X_Counter' could be found (are you missing a using directive or an assembly reference?) [C:\Projects\xPort5.2025\xPort5.EF6\xPort5.EF6.csproj]
  C:\Projects\xPort5.2025\xPort5.EF6\X_Counter.Compatibility.cs(112,46): error CS1061: 'X_Counter' does not contain a definition for 'X_CounterId' and no accessible extension method 'X_CounterId' accepting a first argument of type 'X_Counter' could be found (are you missing a using directive or an assembly reference?) [C:\Projects\xPort5.2025\xPort5.EF6\xPort5.EF6.csproj]
  C:\Projects\xPort5.2025\xPort5.EF6\X_Counter.Compatibility.cs(116,45): error CS1061: 'X_Counter' does not contain a definition for 'X_CounterId' and no accessible extension method 'X_CounterId' accepting a first argument of type 'X_Counter' could be found (are you missing a using directive or an assembly reference?) [C:\Projects\xPort5.2025\xPort5.EF6\xPort5.EF6.csproj]
  C:\Projects\xPort5.2025\xPort5.EF6\X_Counter.Compatibility.cs(129,25): error CS1061: 'X_Counter' does not contain a definition for 'X_CounterId' and no accessible extension method 'X_CounterId' accepting a first argument of type 'X_Counter' could be found (are you missing a using directive or an assembly reference?) [C:\Projects\xPort5.2025\xPort5.EF6\xPort5.EF6.csproj]
  C:\Projects\xPort5.2025\xPort5.EF6\UserDisplayPreference.Compatibility.cs(187,71): error CS1061: 'UserDisplayPreference' does not contain a definition for 'UserDisplayPreferenceId' and no accessible extension method 'UserDisplayPreferenceId' accepting a first argument of type 'UserDisplayPreference' could be found (are you missing a using directive or an assembly reference?) [C:\Projects\xPort5.2025\xPort5.EF6\xPort5.EF6.csproj]
  C:\Projects\xPort5.2025\xPort5.EF6\UserDisplayPreference.Compatibility.cs(187,60): error CS1503: Argument 1: cannot convert from 'string' to 'System.Guid' [C:\Projects\xPort5.2025\xPort5.EF6\xPort5.EF6.csproj]
  C:\Projects\xPort5.2025\xPort5.EF6\X_Counter.Compatibility.cs(187,71): error CS1061: 'X_Counter' does not contain a definition for 'X_CounterId' and no accessible extension method 'X_CounterId' accepting a first argument of type 'X_Counter' could be found (are you missing a using directive or an assembly reference?) [C:\Projects\xPort5.2025\xPort5.EF6\xPort5.EF6.csproj]
  C:\Projects\xPort5.2025\xPort5.EF6\X_Counter.Compatibility.cs(187,60): error CS1503: Argument 1: cannot convert from 'string' to 'System.Guid' [C:\Projects\xPort5.2025\xPort5.EF6\xPort5.EF6.csproj]
  C:\Projects\xPort5.2025\xPort5.EF6\X_EventLog.Compatibility.cs(103,30): error CS1061: 'X_EventLog' does not contain a definition for 'X_EventLogId' and no accessible extension method 'X_EventLogId' accepting a first argument of type 'X_EventLog' could be found (are you missing a using directive or an assembly reference?) [C:\Projects\xPort5.2025\xPort5.EF6\xPort5.EF6.csproj]
  C:\Projects\xPort5.2025\xPort5.EF6\X_EventLog.Compatibility.cs(105,30): error CS1061: 'X_EventLog' does not contain a definition for 'X_EventLogId' and no accessible extension method 'X_EventLogId' accepting a first argument of type 'X_EventLog' could be found (are you missing a using directive or an assembly reference?) [C:\Projects\xPort5.2025\xPort5.EF6\xPort5.EF6.csproj]
  C:\Projects\xPort5.2025\xPort5.EF6\X_EventLog.Compatibility.cs(108,41): error CS1061: 'X_EventLog' does not contain a definition for 'X_EventLogId' and no accessible extension method 'X_EventLogId' accepting a first argument of type 'X_EventLog' could be found (are you missing a using directive or an assembly reference?) [C:\Projects\xPort5.2025\xPort5.EF6\xPort5.EF6.csproj]
  C:\Projects\xPort5.2025\xPort5.EF6\X_EventLog.Compatibility.cs(112,46): error CS1061: 'X_EventLog' does not contain a definition for 'X_EventLogId' and no accessible extension method 'X_EventLogId' accepting a first argument of type 'X_EventLog' could be found (are you missing a using directive or an assembly reference?) [C:\Projects\xPort5.2025\xPort5.EF6\xPort5.EF6.csproj]
  C:\Projects\xPort5.2025\xPort5.EF6\X_EventLog.Compatibility.cs(116,45): error CS1061: 'X_EventLog' does not contain a definition for 'X_EventLogId' and no accessible extension method 'X_EventLogId' accepting a first argument of type 'X_EventLog' could be found (are you missing a using directive or an assembly reference?) [C:\Projects\xPort5.2025\xPort5.EF6\xPort5.EF6.csproj]
  C:\Projects\xPort5.2025\xPort5.EF6\X_AppPath.Compatibility.cs(103,30): error CS1061: 'X_AppPath' does not contain a definition for 'X_AppPathId' and no accessible extension method 'X_AppPathId' accepting a first argument of type 'X_AppPath' could be found (are you missing a using directive or an assembly reference?) [C:\Projects\xPort5.2025\xPort5.EF6\xPort5.EF6.csproj]
  C:\Projects\xPort5.2025\xPort5.EF6\X_AppPath.Compatibility.cs(105,30): error CS1061: 'X_AppPath' does not contain a definition for 'X_AppPathId' and no accessible extension method 'X_AppPathId' accepting a first argument of type 'X_AppPath' could be found (are you missing a using directive or an assembly reference?) [C:\Projects\xPort5.2025\xPort5.EF6\xPort5.EF6.csproj]
  C:\Projects\xPort5.2025\xPort5.EF6\X_AppPath.Compatibility.cs(108,41): error CS1061: 'X_AppPath' does not contain a definition for 'X_AppPathId' and no accessible extension method 'X_AppPathId' accepting a first argument of type 'X_AppPath' could be found (are you missing a using directive or an assembly reference?) [C:\Projects\xPort5.2025\xPort5.EF6\xPort5.EF6.csproj]
  C:\Projects\xPort5.2025\xPort5.EF6\X_AppPath.Compatibility.cs(112,46): error CS1061: 'X_AppPath' does not contain a definition for 'X_AppPathId' and no accessible extension method 'X_AppPathId' accepting a first argument of type 'X_AppPath' could be found (are you missing a using directive or an assembly reference?) [C:\Projects\xPort5.2025\xPort5.EF6\xPort5.EF6.csproj]
  C:\Projects\xPort5.2025\xPort5.EF6\X_AppPath.Compatibility.cs(116,45): error CS1061: 'X_AppPath' does not contain a definition for 'X_AppPathId' and no accessible extension method 'X_AppPathId' accepting a first argument of type 'X_AppPath' could be found (are you missing a using directive or an assembly reference?) [C:\Projects\xPort5.2025\xPort5.EF6\xPort5.EF6.csproj]
  C:\Projects\xPort5.2025\xPort5.EF6\X_EventLog.Compatibility.cs(129,25): error CS1061: 'X_EventLog' does not contain a definition for 'X_EventLogId' and no accessible extension method 'X_EventLogId' accepting a first argument of type 'X_EventLog' could be found (are you missing a using directive or an assembly reference?) [C:\Projects\xPort5.2025\xPort5.EF6\xPort5.EF6.csproj]
  C:\Projects\xPort5.2025\xPort5.EF6\X_AppPath.Compatibility.cs(129,25): error CS1061: 'X_AppPath' does not contain a definition for 'X_AppPathId' and no accessible extension method 'X_AppPathId' accepting a first argument of type 'X_AppPath' could be found (are you missing a using directive or an assembly reference?) [C:\Projects\xPort5.2025\xPort5.EF6\xPort5.EF6.csproj]
  C:\Projects\xPort5.2025\xPort5.EF6\X_AppPath.Compatibility.cs(187,71): error CS1061: 'X_AppPath' does not contain a definition for 'X_AppPathId' and no accessible extension method 'X_AppPathId' accepting a first argument of type 'X_AppPath' could be found (are you missing a using directive or an assembly reference?) [C:\Projects\xPort5.2025\xPort5.EF6\xPort5.EF6.csproj]
  C:\Projects\xPort5.2025\xPort5.EF6\X_AppPath.Compatibility.cs(187,60): error CS1503: Argument 1: cannot convert from 'string' to 'System.Guid' [C:\Projects\xPort5.2025\xPort5.EF6\xPort5.EF6.csproj]
  C:\Projects\xPort5.2025\xPort5.EF6\X_EventLog.Compatibility.cs(187,71): error CS1061: 'X_EventLog' does not contain a definition for 'X_EventLogId' and no accessible extension method 'X_EventLogId' accepting a first argument of type 'X_EventLog' could be found (are you missing a using directive or an assembly reference?) [C:\Projects\xPort5.2025\xPort5.EF6\xPort5.EF6.csproj]
  C:\Projects\xPort5.2025\xPort5.EF6\X_EventLog.Compatibility.cs(187,60): error CS1503: Argument 1: cannot convert from 'string' to 'System.Guid' [C:\Projects\xPort5.2025\xPort5.EF6\xPort5.EF6.csproj]

    0 Warning(s)
    190 Error(s)

Time Elapsed 00:00:01.33
